290524189
37245312
941435234
149637311
477912508
171810438
699861546
74900055
244827549
384195651
53000982
102215876
913187969
672391941
11235371
722506892
596328162
355951982
703026531
889952176
289265992
964107127
94222457
679897556
903846214
632569513
348448778
89491247
0
379537335
1
1
996026867
269684199
722592655
659791663
386263235
1
623766719
158315578
650618883
260192470
558308732
34300495
966424847
309985340
1
427473233
843494471
422422008
1
0
343380288
908305564
69179876
592081447
70752276
844302672
564777391
927394758
677811482
237391320
501340622
877887403
7138649
448617428
195542738
798782327
190208946
834556843
770697319
290325732
717873416
434506228
1
441586294
782286026
276751746
626830298
310355914
96985816
707291882
951055033
1
676594126
229165183
383597287
456871729
951319100
128952606
295785977
13868115
693535488
828209698
378061532
55181062
220481109
614066893
433479839
26455687
