6796
84
314
625
672
723
815
843
949
977
1041
1042
1363
1388
1650
2002
2663
2723
2776
2895
3016
3094
3098
3150
3249
3319
3476
3503
3776
3796
3843
3910
3923
4049
4205
4249
4323
4503
4663
4727
4976
5038
5111
5146
5670
5955
6006
6127
6155
6333
6415
6453
7233
7497
7975
8036
8146
8820
8853
8945
8991
8998
9007
9063
9121
9432
9804
9846
9945
10091
10321
10632
10679
10730
10822
10850
10956
10984
11048
11049
11370
11395
11657
12009
12670
12730
12783
12902
13023
13101
13105
13157
13256
13326
13483
13510
13783
13803
13850
13917
13930
14056
14212
14256
14330
14510
14670
14734
14983
15045
15118
15153
15677
15962
16013
16134
16162
16340
16422
16460
17240
17504
17982
18043
18153
18827
18860
18952
18998
19005
19014
19070
19128
19439
19811
19853
19952
20098
20328
20639
20686
20737
20829
20857
20963
20991
21055
21056
21377
21402
21664
22016
22677
22737
22790
22909
23030
23108
23112
23164
23263
23333
23490
23517
23790
23810
23857
23924
23937
24063
24219
24263
24337
24517
24677
24741
24990
25052
25125
25160
25684
25969
26020
26141
26169
26347
26429
26467
27247
27511
27989
28050
28160
28834
28867
28959
29005
29012
29021
29077
29135
29446
29818
29860
29959
30105
30335
30646
30693
30744
30836
30864
30970
30998
31062
31063
31384
31409
31671
32023
32684
32744
32797
32916
33037
33115
33119
33171
33270
33340
33497
33524
33797
33817
33864
33931
33944
34070
34226
34270
34344
34524
34684
34748
34997
35059
35132
35167
35691
35976
36027
36148
36176
36354
36436
36474
37254
37518
37996
38057
38167
38841
38874
38966
39012
39019
39028
39084
39142
39453
39825
39867
39966
40112
40342
40653
40700
40751
40843
40871
40977
41005
41069
41070
41391
41416
41678
42030
42691
42751
42804
42923
43044
43122
43126
43178
43277
43347
43504
43531
43804
43824
43871
43938
43951
44077
44233
44277
44351
44531
44691
44755
45004
45066
45139
45174
45698
45983
46034
46155
46183
46361
46443
46481
47261
47525
48003
48064
48174
48848
48881
48973
49019
49026
49035
49091
49149
49460
49832
49874
49973
50119
50349
50660
50707
50758
50850
50878
50984
51012
51076
51077
51398
51423
51685
52037
52698
52758
52811
52930
53051
53129
53133
53185
53284
53354
53511
53538
53811
53831
53878
53945
53958
54084
54240
54284
54358
54538
54698
54762
55011
55073
55146
55181
55705
55990
56041
56162
56190
56368
56450
56488
57268
57532
58010
58071
58181
58855
58888
58980
59026
59033
59042
59098
59156
59467
59839
59881
59980
60126
60356
60667
60714
60765
60857
60885
60991
61019
61083
61084
61405
61430
61692
62044
62705
62765
62818
62937
63058
63136
63140
63192
63291
63361
63518
63545
63818
63838
63885
63952
63965
64091
64247
64291
64365
64545
64705
64769
65018
65080
65153
65188
65712
65997
66048
66169
66197
66375
66457
66495
67275
67539
68017
68078
68188
68862
68895
68987
69033
69040
69049
69105
69163
69474
69846
69888
69987
70133
70363
70674
70721
70772
70864
70892
70998
71026
71090
71091
71412
71437
71699
72051
72712
72772
72825
72944
73065
73143
73147
73199
73298
73368
73525
73552
73825
73845
73892
73959
73972
74098
74254
74298
74372
74552
74712
74776
75025
75087
75160
75195
75719
76004
76055
76176
76204
76382
76464
76502
77282
77546
78024
78085
78195
78869
78902
78994
79040
79047
79056
79112
79170
79481
79853
79895
79994
80140
80370
80681
80728
80779
80871
80899
81005
81033
81097
81098
81419
81444
81706
82058
82719
82779
82832
82951
83072
83150
83154
83206
83305
83375
83532
83559
83832
83852
83899
83966
83979
84105
84261
84305
84379
84559
84719
84783
85032
85094
85167
85202
85726
86011
86062
86183
86211
86389
86471
86509
87289
87553
88031
88092
88202
88876
88909
89001
89047
89054
89063
89119
89177
89488
89860
89902
90001
90147
90377
90688
90735
90786
90878
90906
91012
91040
91104
91105
91426
91451
91713
92065
92726
92786
92839
92958
93079
93157
93161
93213
93312
93382
93539
93566
93839
93859
93906
93973
93986
94112
94268
94312
94386
94566
94726
94790
95039
95101
95174
95209
95733
96018
96069
96190
96218
96396
96478
96516
97296
97560
98038
98099
98209
98883
98916
99008
99054
99061
99070
99126
99184
99495
99867
99909
100008
100154
100384
100695
100742
100793
100885
100913
101019
101047
101111
101112
101433
101458
101720
102072
102733
102793
102846
102965
103086
103164
103168
103220
103319
103389
103546
103573
103846
103866
103913
103980
103993
104119
104275
104319
104393
104573
104733
104797
105046
105108
105181
105216
105740
106025
106076
106197
106225
106403
106485
106523
107303
107567
108045
108106
108216
108890
108923
109015
109061
109068
109077
109133
109191
109502
109874
109916
110015
110161
110391
110702
110749
110800
110892
110920
111026
111054
111118
111119
111440
111465
111727
112079
112740
112800
112853
112972
113093
113171
113175
113227
113326
113396
113553
113580
113853
113873
113920
113987
114000
114126
114282
114326
114400
114580
114740
114804
115053
115115
115188
115223
115747
116032
116083
116204
116232
116410
116492
116530
117310
117574
118052
118113
118223
118897
118930
119022
119068
119075
119084
119140
119198
119509
119881
119923
120022
120168
120398
120709
120756
120807
120899
120927
121033
121061
121125
121126
121447
121472
121734
122086
122747
122807
122860
122979
123100
123178
123182
123234
123333
123403
123560
123587
123860
123880
123927
123994
124007
124133
124289
124333
124407
124587
124747
124811
125060
125122
125195
125230
125754
126039
126090
126211
126239
126417
126499
126537
127317
127581
128059
128120
128230
128904
128937
129029
129075
129082
129091
129147
129205
129516
129888
129930
130029
130175
130405
130716
130763
130814
130906
130934
131040
131068
131132
131133
131454
131479
131741
132093
132754
132814
132867
132986
133107
133185
133189
133241
133340
133410
133567
133594
133867
133887
133934
134001
134014
134140
134296
134340
134414
134594
134754
134818
135067
135129
135202
135237
135761
136046
136097
136218
136246
136424
136506
136544
137324
137588
138066
138127
138237
138911
138944
139036
139082
139089
139098
139154
139212
139523
139895
139937
140036
140182
140412
140723
140770
140821
140913
140941
141047
141075
141139
141140
141461
141486
141748
142100
142761
142821
142874
142993
143114
143192
143196
143248
143347
143417
143574
143601
143874
143894
143941
144008
144021
144147
144303
144347
144421
144601
144761
144825
145074
145136
145209
145244
145768
146053
146104
146225
146253
146431
146513
146551
147331
147595
148073
148134
148244
148918
148951
149043
149089
149096
149105
149161
149219
149530
149902
149944
150043
150189
150419
150730
150777
150828
150920
150948
151054
151082
151146
151147
151468
151493
151755
152107
152768
152828
152881
153000
153121
153199
153203
153255
153354
153424
153581
153608
153881
153901
153948
154015
154028
154154
154310
154354
154428
154608
154768
154832
155081
155143
155216
155251
155775
156060
156111
156232
156260
156438
156520
156558
157338
157602
158080
158141
158251
158925
158958
159050
159096
159103
159112
159168
159226
159537
159909
159951
160050
160196
160426
160737
160784
160835
160927
160955
161061
161089
161153
161154
161475
161500
161762
162114
162775
162835
162888
163007
163128
163206
163210
163262
163361
163431
163588
163615
163888
163908
163955
164022
164035
164161
164317
164361
164435
164615
164775
164839
165088
165150
165223
165258
165782
166067
166118
166239
166267
166445
166527
166565
167345
167609
168087
168148
168258
168932
168965
169057
169103
169110
169119
169175
169233
169544
169916
169958
170057
170203
170433
170744
170791
170842
170934
170962
171068
171096
171160
171161
171482
171507
171769
172121
172782
172842
172895
173014
173135
173213
173217
173269
173368
173438
173595
173622
173895
173915
173962
174029
174042
174168
174324
174368
174442
174622
174782
174846
175095
175157
175230
175265
175789
176074
176125
176246
176274
176452
176534
176572
177352
177616
178094
178155
178265
178939
178972
179064
179110
179117
179126
179182
179240
179551
179923
179965
180064
180210
180440
180751
180798
180849
180941
180969
181075
181103
181167
181168
181489
181514
181776
182128
182789
182849
182902
183021
183142
183220
183224
183276
183375
183445
183602
183629
183902
183922
183969
184036
184049
184175
184331
184375
184449
184629
184789
184853
185102
185164
185237
185272
185796
186081
186132
186253
186281
186459
186541
186579
187359
187623
188101
188162
188272
188946
188979
189071
189117
189124
189133
189189
189247
189558
189930
189972
190071
190217
190447
190758
190805
190856
190948
190976
191082
191110
191174
191175
191496
191521
191783
192135
192796
192856
192909
193028
193149
193227
193231
193283
193382
193452
193609
193636
193909
193929
193976
194043
194056
194182
194338
194382
194456
194636
194796
194860
195109
195171
195244
195279
195803
196088
196139
196260
196288
196466
196548
196586
197366
197630
198108
198169
198279
198953
198986
199078
199124
199131
199140
199196
199254
199565
199937
199979
200078
200224
200454
200765
200812
200863
200955
200983
201089
201117
201181
201182
201503
201528
201790
202142
202803
202863
202916
203035
203156
203234
203238
203290
203389
203459
203616
203643
203916
203936
203983
204050
204063
204189
204345
204389
204463
204643
204803
204867
205116
205178
205251
205286
205810
206095
206146
206267
206295
206473
206555
206593
207373
207637
208115
208176
208286
208960
208993
209085
209131
209138
209147
209203
209261
209572
209944
209986
210085
210231
210461
210772
210819
210870
210962
210990
211096
211124
211188
211189
211510
211535
211797
212149
212810
212870
212923
213042
213163
213241
213245
213297
213396
213466
213623
213650
213923
213943
213990
214057
214070
214196
214352
214396
214470
214650
214810
214874
215123
215185
215258
215293
215817
216102
216153
216274
216302
216480
216562
216600
217380
217644
218122
218183
218293
218967
219000
219092
219138
219145
219154
219210
219268
219579
219951
219993
220092
220238
220468
220779
220826
220877
220969
220997
221103
221131
221195
221196
221517
221542
221804
222156
222817
222877
222930
223049
223170
223248
223252
223304
223403
223473
223630
223657
223930
223950
223997
224064
224077
224203
224359
224403
224477
224657
224817
224881
225130
225192
225265
225300
225824
226109
226160
226281
226309
226487
226569
226607
227387
227651
228129
228190
228300
228974
229007
229099
229145
229152
229161
229217
229275
229586
229958
230000
230099
230245
230475
230786
230833
230884
230976
231004
231110
231138
231202
231203
231524
231549
231811
232163
232824
232884
232937
233056
233177
233255
233259
233311
233410
233480
233637
233664
233937
233957
234004
234071
234084
234210
234366
234410
234484
234664
234824
234888
235137
235199
235272
235307
235831
236116
236167
236288
236316
236494
236576
236614
237394
237658
238136
238197
238307
238981
239014
239106
239152
239159
239168
239224
239282
239593
239965
240007
240106
240252
240482
240793
240840
240891
240983
241011
241117
241145
241209
241210
241531
241556
241818
242170
242831
242891
242944
243063
243184
243262
243266
243318
243417
243487
243644
243671
243944
243964
244011
244078
244091
244217
244373
244417
244491
244671
244831
244895
245144
245206
245279
245314
245838
246123
246174
246295
246323
246501
246583
246621
247401
247665
248143
248204
248314
248988
249021
249113
249159
249166
249175
249231
249289
249600
249972
250014
250113
250259
250489
250800
250847
250898
250990
251018
251124
251152
251216
251217
251538
251563
251825
252177
252838
252898
252951
253070
253191
253269
253273
253325
253424
253494
253651
253678
253951
253971
254018
254085
254098
254224
254380
254424
254498
254678
254838
254902
255151
255213
255286
255321
255845
256130
256181
256302
256330
256508
256590
256628
257408
257672
258150
258211
258321
258995
259028
259120
259166
259173
259182
259238
259296
259607
259979
260021
260120
260266
260496
260807
260854
260905
260997
261025
261131
261159
261223
261224
261545
261570
261832
262184
262845
262905
262958
263077
263198
263276
263280
263332
263431
263501
263658
263685
263958
263978
264025
264092
264105
264231
264387
264431
264505
264685
264845
264909
265158
265220
265293
265328
265852
266137
266188
266309
266337
266515
266597
266635
267415
267679
268157
268218
268328
269002
269035
269127
269173
269180
269189
269245
269303
269614
269986
270028
270127
270273
270503
270814
270861
270912
271004
271032
271138
271166
271230
271231
271552
271577
271839
272191
272852
272912
272965
273084
273205
273283
273287
273339
273438
273508
273665
273692
273965
273985
274032
274099
274112
274238
274394
274438
274512
274692
274852
274916
275165
275227
275300
275335
275859
276144
276195
276316
276344
276522
276604
276642
277422
277686
278164
278225
278335
279009
279042
279134
279180
279187
279196
279252
279310
279621
279993
280035
280134
280280
280510
280821
280868
280919
281011
281039
281145
281173
281237
281238
281559
281584
281846
282198
282859
282919
282972
283091
283212
283290
283294
283346
283445
283515
283672
283699
283972
283992
284039
284106
284119
284245
284401
284445
284519
284699
284859
284923
285172
285234
285307
285342
285866
286151
286202
286323
286351
286529
286611
286649
287429
287693
288171
288232
288342
289016
289049
289141
289187
289194
289203
289259
289317
289628
290000
290042
290141
290287
290517
290828
290875
290926
291018
291046
291152
291180
291244
291245
291566
291591
291853
292205
292866
292926
292979
293098
293219
293297
293301
293353
293452
293522
293679
293706
293979
293999
294046
294113
294126
294252
294408
294452
294526
294706
294866
294930
295179
295241
295314
295349
295873
296158
296209
296330
296358
296536
296618
296656
297436
297700
298178
298239
298349
299023
299056
299148
299194
299201
299210
299266
299324
299635
300007
300049
300148
300294
300524
300835
300882
300933
301025
301053
301159
301187
301251
301252
301573
301598
301860
302212
302873
302933
302986
303105
303226
303304
303308
303360
303459
303529
303686
303713
303986
304006
304053
304120
304133
304259
304415
304459
304533
304713
304873
304937
305186
305248
305321
305356
305880
306165
306216
306337
306365
306543
306625
306663
307443
307707
308185
308246
308356
309030
309063
309155
309201
309208
309217
309273
309331
309642
310014
310056
310155
310301
310531
310842
310889
310940
311032
311060
311166
311194
311258
311259
311580
311605
311867
312219
312880
312940
312993
313112
313233
313311
313315
313367
313466
313536
313693
313720
313993
314013
314060
314127
314140
314266
314422
314466
314540
314720
314880
314944
315193
315255
315328
315363
315887
316172
316223
316344
316372
316550
316632
316670
317450
317714
318192
318253
318363
319037
319070
319162
319208
319215
319224
319280
319338
319649
320021
320063
320162
320308
320538
320849
320896
320947
321039
321067
321173
321201
321265
321266
321587
321612
321874
322226
322887
322947
323000
323119
323240
323318
323322
323374
323473
323543
323700
323727
324000
324020
324067
324134
324147
324273
324429
324473
324547
324727
324887
324951
325200
325262
325335
325370
325894
326179
326230
326351
326379
326557
326639
326677
327457
327721
328199
328260
328370
329044
329077
329169
329215
329222
329231
329287
329345
329656
330028
330070
330169
330315
330545
330856
330903
330954
331046
331074
331180
331208
331272
331273
331594
331619
331881
332233
332894
332954
333007
333126
333247
333325
333329
333381
333480
333550
333707
333734
334007
334027
334074
334141
334154
334280
334436
334480
334554
334734
334894
334958
335207
335269
335342
335377
335901
336186
336237
336358
336386
336564
336646
336684
337464
337728
338206
338267
338377
339051
339084
339176
339222
339229
339238
339294
339352
339663
340035
340077
340176
340322
340552
340863
340910
340961
341053
341081
341187
341215
341279
341280
341601
341626
341888
342240
342901
342961
343014
343133
343254
343332
343336
343388
343487
343557
343714
343741
344014
344034
344081
344148
344161
344287
344443
344487
344561
344741
344901
344965
345214
345276
345349
345384
345908
346193
346244
346365
346393
346571
346653
346691
347471
347735
348213
348274
348384
349058
349091
349183
349229
349236
349245
349301
349359
349670
350042
350084
350183
350329
350559
350870
350917
350968
351060
351088
351194
351222
351286
351287
351608
351633
351895
352247
352908
352968
353021
353140
353261
353339
353343
353395
353494
353564
353721
353748
354021
354041
354088
354155
354168
354294
354450
354494
354568
354748
354908
354972
355221
355283
355356
355391
355915
356200
356251
356372
356400
356578
356660
356698
357478
357742
358220
358281
358391
359065
359098
359190
359236
359243
359252
359308
359366
359677
360049
360091
360190
360336
360566
360877
360924
360975
361067
361095
361201
361229
361293
361294
361615
361640
361902
362254
362915
362975
363028
363147
363268
363346
363350
363402
363501
363571
363728
363755
364028
364048
364095
364162
364175
364301
364457
364501
364575
364755
364915
364979
365228
365290
365363
365398
365922
366207
366258
366379
366407
366585
366667
366705
367485
367749
368227
368288
368398
369072
369105
369197
369243
369250
369259
369315
369373
369684
370056
370098
370197
370343
370573
370884
370931
370982
371074
371102
371208
371236
371300
371301
371622
371647
371909
372261
372922
372982
373035
373154
373275
373353
373357
373409
373508
373578
373735
373762
374035
374055
374102
374169
374182
374308
374464
374508
374582
374762
374922
374986
375235
375297
375370
375405
375929
376214
376265
376386
376414
376592
376674
376712
377492
377756
378234
378295
378405
379079
379112
379204
379250
379257
379266
379322
379380
379691
380063
380105
380204
380350
380580
380891
380938
380989
381081
381109
381215
381243
381307
381308
381629
381654
381916
382268
382929
382989
383042
383161
383282
383360
383364
383416
383515
383585
383742
383769
384042
384062
384109
384176
384189
384315
384471
384515
384589
384769
384929
384993
385242
385304
385377
385412
385936
386221
386272
386393
386421
386599
386681
386719
387499
387763
388241
388302
388412
389086
389119
389211
389257
389264
389273
389329
389387
389698
390070
390112
390211
390357
390587
390898
390945
390996
391088
391116
391222
391250
391314
391315
391636
391661
391923
392275
392936
392996
393049
393168
393289
393367
393371
393423
393522
393592
393749
393776
394049
394069
394116
394183
394196
394322
394478
394522
394596
394776
394936
395000
395249
395311
395384
395419
395943
396228
396279
396400
396428
396606
396688
396726
397506
397770
398248
398309
398419
399093
399126
399218
399264
399271
399280
399336
399394
399705
400077
400119
400218
400364
400594
400905
400952
401003
401095
401123
401229
401257
401321
401322
401643
401668
401930
402282
402943
403003
403056
403175
403296
403374
403378
403430
403529
403599
403756
403783
404056
404076
404123
404190
404203
404329
404485
404529
404603
404783
404943
405007
405256
405318
405391
405426
405950
406235
406286
406407
406435
406613
406695
406733
407513
407777
408255
408316
408426
409100
409133
409225
409271
409278
409287
409343
409401
409712
410084
410126
410225
410371
410601
410912
410959
411010
411102
411130
411236
411264
411328
411329
411650
411675
411937
412289
412950
413010
413063
413182
413303
413381
413385
413437
413536
413606
413763
413790
414063
414083
414130
414197
414210
414336
414492
414536
414610
414790
414950
415014
415263
415325
415398
415433
415957
416242
416293
416414
416442
416620
416702
416740
417520
417784
418262
418323
418433
419107
419140
419232
419278
419285
419294
419350
419408
419719
420091
420133
420232
420378
420608
420919
420966
421017
421109
421137
421243
421271
421335
421336
421657
421682
421944
422296
422957
423017
423070
423189
423310
423388
423392
423444
423543
423613
423770
423797
424070
424090
424137
424204
424217
424343
424499
424543
424617
424797
424957
425021
425270
425332
425405
425440
425964
426249
426300
426421
426449
426627
426709
426747
427527
427791
428269
428330
428440
429114
429147
429239
429285
429292
429301
429357
429415
429726
430098
430140
430239
430385
430615
430926
430973
431024
431116
431144
431250
431278
431342
431343
431664
431689
431951
432303
432964
433024
433077
433196
433317
433395
433399
433451
433550
433620
433777
433804
434077
434097
434144
434211
434224
434350
434506
434550
434624
434804
434964
435028
435277
435339
435412
435447
435971
436256
436307
436428
436456
436634
436716
436754
437534
437798
438276
438337
438447
439121
439154
439246
439292
439299
439308
439364
439422
439733
440105
440147
440246
440392
440622
440933
440980
441031
441123
441151
441257
441285
441349
441350
441671
441696
441958
442310
442971
443031
443084
443203
443324
443402
443406
443458
443557
443627
443784
443811
444084
444104
444151
444218
444231
444357
444513
444557
444631
444811
444971
445035
445284
445346
445419
445454
445978
446263
446314
446435
446463
446641
446723
446761
447541
447805
448283
448344
448454
449128
449161
449253
449299
449306
449315
449371
449429
449740
450112
450154
450253
450399
450629
450940
450987
451038
451130
451158
451264
451292
451356
451357
451678
451703
451965
452317
452978
453038
453091
453210
453331
453409
453413
453465
453564
453634
453791
453818
454091
454111
454158
454225
454238
454364
454520
454564
454638
454818
454978
455042
455291
455353
455426
455461
455985
456270
456321
456442
456470
456648
456730
456768
457548
457812
458290
458351
458461
459135
459168
459260
459306
459313
459322
459378
459436
459747
460119
460161
460260
460406
460636
460947
460994
461045
461137
461165
461271
461299
461363
461364
461685
461710
461972
462324
462985
463045
463098
463217
463338
463416
463420
463472
463571
463641
463798
463825
464098
464118
464165
464232
464245
464371
464527
464571
464645
464825
464985
465049
465298
465360
465433
465468
465992
466277
466328
466449
466477
466655
466737
466775
467555
467819
468297
468358
468468
469142
469175
469267
469313
469320
469329
469385
469443
469754
470126
470168
470267
470413
470643
470954
471001
471052
471144
471172
471278
471306
471370
471371
471692
471717
471979
472331
472992
473052
473105
473224
473345
473423
473427
473479
473578
473648
473805
473832
474105
474125
474172
474239
474252
474378
474534
474578
474652
474832
474992
475056
475305
475367
475440
475475
475999
476284
476335
476456
476484
476662
476744
476782
477562
477826
478304
478365
478475
479149
479182
479274
479320
479327
479336
479392
479450
479761
480133
480175
480274
480420
480650
480961
481008
481059
481151
481179
481285
481313
481377
481378
481699
481724
481986
482338
482999
483059
483112
483231
483352
483430
483434
483486
483585
483655
483812
483839
484112
484132
484179
484246
484259
484385
484541
484585
484659
484839
484999
485063
485312
485374
485447
485482
486006
486291
486342
486463
486491
486669
486751
486789
487569
487833
488311
488372
488482
489156
489189
489281
489327
489334
489343
489399
489457
489768
490140
490182
490281
490427
490657
490968
491015
491066
491158
491186
491292
491320
491384
491385
491706
491731
491993
492345
493006
493066
493119
493238
493359
493437
493441
493493
493592
493662
493819
493846
494119
494139
494186
494253
494266
494392
494548
494592
494666
494846
495006
495070
495319
495381
495454
495489
496013
496298
496349
496470
496498
496676
496758
496796
497576
497840
498318
498379
498489
499163
499196
499288
499334
499341
499350
499406
499464
499775
500147
500189
500288
500434
500664
500975
501022
501073
501165
501193
501299
501327
501391
501392
501713
501738
502000
502352
503013
503073
503126
503245
503366
503444
503448
503500
503599
503669
503826
503853
504126
504146
504193
504260
504273
504399
504555
504599
504673
504853
505013
505077
505326
505388
505461
505496
506020
506305
506356
506477
506505
506683
506765
506803
507583
507847
508325
508386
508496
509170
509203
509295
509341
509348
509357
509413
509471
509782
510154
510196
510295
510441
510671
510982
511029
511080
511172
511200
511306
511334
511398
511399
511720
511745
512007
512359
513020
513080
513133
513252
513373
513451
513455
513507
513606
513676
513833
513860
514133
514153
514200
514267
514280
514406
514562
514606
514680
514860
515020
515084
515333
515395
515468
515503
516027
516312
516363
516484
516512
516690
516772
516810
517590
517854
518332
518393
518503
519177
519210
519302
519348
519355
519364
519420
519478
519789
520161
520203
520302
520448
520678
520989
521036
521087
521179
521207
521313
521341
521405
521406
521727
521752
522014
522366
523027
523087
523140
523259
523380
523458
523462
523514
523613
523683
523840
523867
524140
524160
524207
524274
524287
524413
524569
524613
524687
524867
525027
525091
525340
525402
525475
525510
526034
526319
526370
526491
526519
526697
526779
526817
527597
527861
528339
528400
528510
529184
529217
529309
529355
529362
529371
529427
529485
529796
530168
530210
530309
530455
530685
530996
531043
531094
531186
531214
531320
531348
531412
531413
531734
531759
532021
532373
533034
533094
533147
533266
533387
533465
533469
533521
533620
533690
533847
533874
534147
534167
534214
534281
534294
534420
534576
534620
534694
534874
535034
535098
535347
535409
535482
535517
536041
536326
536377
536498
536526
536704
536786
536824
537604
537868
538346
538407
538517
539191
539224
539316
539362
539369
539378
539434
539492
539803
540175
540217
540316
540462
540692
541003
541050
541101
541193
541221
541327
541355
541419
541420
541741
541766
542028
542380
543041
543101
543154
543273
543394
543472
543476
543528
543627
543697
543854
543881
544154
544174
544221
544288
544301
544427
544583
544627
544701
544881
545041
545105
545354
545416
545489
545524
546048
546333
546384
546505
546533
546711
546793
546831
547611
547875
548353
548414
548524
549198
549231
549323
549369
549376
549385
549441
549499
549810
550182
550224
550323
550469
550699
551010
551057
551108
551200
551228
551334
551362
551426
551427
551748
551773
552035
552387
553048
553108
553161
553280
553401
553479
553483
553535
553634
553704
553861
553888
554161
554181
554228
554295
554308
554434
554590
554634
554708
554888
555048
555112
555361
555423
555496
555531
556055
556340
556391
556512
556540
556718
556800
556838
557618
557882
558360
558421
558531
559205
559238
559330
559376
559383
559392
559448
559506
559817
560189
560231
560330
560476
560706
561017
561064
561115
561207
561235
561341
561369
561433
561434
561755
561780
562042
562394
563055
563115
563168
563287
563408
563486
563490
563542
563641
563711
563868
563895
564168
564188
564235
564302
564315
564441
564597
564641
564715
564895
565055
565119
565368
565430
565503
565538
566062
566347
566398
566519
566547
566725
566807
566845
567625
567889
568367
568428
568538
569212
569245
569337
569383
569390
569399
569455
569513
569824
570196
570238
570337
570483
570713
571024
571071
571122
571214
571242
571348
571376
571440
571441
571762
571787
572049
572401
573062
573122
573175
573294
573415
573493
573497
573549
573648
573718
573875
573902
574175
574195
574242
574309
574322
574448
574604
574648
574722
574902
575062
575126
575375
575437
575510
575545
576069
576354
576405
576526
576554
576732
576814
576852
577632
577896
578374
578435
578545
579219
579252
579344
579390
579397
579406
579462
579520
579831
580203
580245
580344
580490
580720
581031
581078
581129
581221
581249
581355
581383
581447
581448
581769
581794
582056
582408
583069
583129
583182
583301
583422
583500
583504
583556
583655
583725
583882
583909
584182
584202
584249
584316
584329
584455
584611
584655
584729
584909
585069
585133
585382
585444
585517
585552
586076
586361
586412
586533
586561
586739
586821
586859
587639
587903
588381
588442
588552
589226
589259
589351
589397
589404
589413
589469
589527
589838
590210
590252
590351
590497
590727
591038
591085
591136
591228
591256
591362
591390
591454
591455
591776
591801
592063
592415
593076
593136
593189
593308
593429
593507
593511
593563
593662
593732
593889
593916
594189
594209
594256
594323
594336
594462
594618
594662
594736
594916
595076
595140
595389
595451
595524
595559
596083
596368
596419
596540
596568
596746
596828
596866
597646
597910
598388
598449
598559
599233
599266
599358
599404
599411
599420
599476
599534
599845
600217
600259
600358
600504
600734
601045
601092
601143
601235
601263
601369
601397
601461
601462
601783
601808
602070
602422
603083
603143
603196
603315
603436
603514
603518
603570
603669
603739
603896
603923
604196
604216
604263
604330
604343
604469
604625
604669
604743
604923
605083
605147
605396
605458
605531
605566
606090
606375
606426
606547
606575
606753
606835
606873
607653
607917
608395
608456
608566
609240
609273
609365
609411
609418
609427
609483
609541
609852
610224
610266
610365
610511
610741
611052
611099
611150
611242
611270
611376
611404
611468
611469
611790
611815
612077
612429
613090
613150
613203
613322
613443
613521
613525
613577
613676
613746
613903
613930
614203
614223
614270
614337
614350
614476
614632
614676
614750
614930
615090
615154
615403
615465
615538
615573
616097
616382
616433
616554
616582
616760
616842
616880
617660
617924
618402
618463
618573
619247
619280
619372
619418
619425
619434
619490
619548
619859
620231
620273
620372
620518
620748
621059
621106
621157
621249
621277
621383
621411
621475
621476
621797
621822
622084
622436
623097
623157
623210
623329
623450
623528
623532
623584
623683
623753
623910
623937
624210
624230
624277
624344
624357
624483
624639
624683
624757
624937
625097
625161
625410
625472
625545
625580
626104
626389
626440
626561
626589
626767
626849
626887
627667
627931
628409
628470
628580
629254
629287
629379
629425
629432
629441
629497
629555
629866
630238
630280
630379
630525
630755
631066
631113
631164
631256
631284
631390
631418
631482
631483
631804
631829
632091
632443
633104
633164
633217
633336
633457
633535
633539
633591
633690
633760
633917
633944
634217
634237
634284
634351
634364
634490
634646
634690
634764
634944
635104
635168
635417
635479
635552
635587
636111
636396
636447
636568
636596
636774
636856
636894
637674
637938
638416
638477
638587
639261
639294
639386
639432
639439
639448
639504
639562
639873
640245
640287
640386
640532
640762
641073
641120
641171
641263
641291
641397
641425
641489
641490
641811
641836
642098
642450
643111
643171
643224
643343
643464
643542
643546
643598
643697
643767
643924
643951
644224
644244
644291
644358
644371
644497
644653
644697
644771
644951
645111
645175
645424
645486
645559
645594
646118
646403
646454
646575
646603
646781
646863
646901
647681
647945
648423
648484
648594
649268
649301
649393
649439
649446
649455
649511
649569
649880
650252
650294
650393
650539
650769
651080
651127
651178
651270
651298
651404
651432
651496
651497
651818
651843
652105
652457
653118
653178
653231
653350
653471
653549
653553
653605
653704
653774
653931
653958
654231
654251
654298
654365
654378
654504
654660
654704
654778
654958
655118
655182
655431
655493
655566
655601
656125
656410
656461
656582
656610
656788
656870
656908
657688
657952
658430
658491
658601
659275
659308
659400
659446
659453
659462
659518
659576
659887
660259
660301
660400
660546
660776
661087
661134
661185
661277
661305
661411
661439
661503
661504
661825
661850
662112
662464
663125
663185
663238
663357
663478
663556
663560
663612
663711
663781
663938
663965
664238
664258
664305
664372
664385
664511
664667
664711
664785
664965
665125
665189
665438
665500
665573
665608
666132
666417
666468
666589
666617
666795
666877
666915
667695
667959
668437
668498
668608
669282
669315
669407
669453
669460
669469
669525
669583
669894
670266
670308
670407
670553
670783
671094
671141
671192
671284
671312
671418
671446
671510
671511
671832
671857
672119
672471
673132
673192
673245
673364
673485
673563
673567
673619
673718
673788
673945
673972
674245
674265
674312
674379
674392
674518
674674
674718
674792
674972
675132
675196
675445
675507
675580
675615
676139
676424
676475
676596
676624
676802
676884
676922
677702
677966
678444
678505
678615
679289
679322
679414
679460
679467
679476
679532
679590
679901
680273
680315
680414
680560
680790
681101
681148
681199
681291
681319
681425
681453
681517
681518
681839
681864
682126
682478
683139
683199
683252
683371
683492
683570
683574
683626
683725
683795
683952
683979
684252
684272
684319
684386
684399
684525
684681
684725
684799
684979
685139
685203
685452
685514
685587
685622
686146
686431
686482
686603
686631
686809
686891
686929
687709
687973
688451
688512
688622
689296
689329
689421
689467
689474
689483
689539
689597
689908
690280
690322
690421
690567
690797
691108
691155
691206
691298
691326
691432
691460
691524
691525
691846
691871
692133
692485
693146
693206
693259
693378
693499
693577
693581
693633
693732
693802
693959
693986
694259
694279
694326
694393
694406
694532
694688
694732
694806
694986
695146
695210
695459
695521
695594
695629
696153
696438
696489
696610
696638
696816
696898
696936
697716
697980
698458
698519
698629
699303
699336
699428
699474
699481
699490
699546
699604
699915
700287
700329
700428
700574
700804
701115
701162
701213
701305
701333
701439
701467
701531
701532
701853
701878
702140
702492
703153
703213
703266
703385
703506
703584
703588
703640
703739
703809
703966
703993
704266
704286
704333
704400
704413
704539
704695
704739
704813
704993
705153
705217
705466
705528
705601
705636
706160
706445
706496
706617
706645
706823
706905
706943
707723
707987
708465
708526
708636
709310
709343
709435
709481
709488
709497
709553
709611
709922
710294
710336
710435
710581
710811
711122
711169
711220
711312
711340
711446
711474
711538
711539
711860
711885
712147
712499
713160
713220
713273
713392
713513
713591
713595
713647
713746
713816
713973
714000
714273
714293
714340
714407
714420
714546
714702
714746
714820
715000
715160
715224
715473
715535
715608
715643
716167
716452
716503
716624
716652
716830
716912
716950
717730
717994
718472
718533
718643
719317
719350
719442
719488
719495
719504
719560
719618
719929
720301
720343
720442
720588
720818
721129
721176
721227
721319
721347
721453
721481
721545
721546
721867
721892
722154
722506
723167
723227
723280
723399
723520
723598
723602
723654
723753
723823
723980
724007
724280
724300
724347
724414
724427
724553
724709
724753
724827
725007
725167
725231
725480
725542
725615
725650
726174
726459
726510
726631
726659
726837
726919
726957
727737
728001
728479
728540
728650
729324
729357
729449
729495
729502
729511
729567
729625
729936
730308
730350
730449
730595
730825
731136
731183
731234
731326
731354
731460
731488
731552
731553
731874
731899
732161
732513
733174
733234
733287
733406
733527
733605
733609
733661
733760
733830
733987
734014
734287
734307
734354
734421
734434
734560
734716
734760
734834
735014
735174
735238
735487
735549
735622
735657
736181
736466
736517
736638
736666
736844
736926
736964
737744
738008
738486
738547
738657
739331
739364
739456
739502
739509
739518
739574
739632
739943
740315
740357
740456
740602
740832
741143
741190
741241
741333
741361
741467
741495
741559
741560
741881
741906
742168
742520
743181
743241
743294
743413
743534
743612
743616
743668
743767
743837
743994
744021
744294
744314
744361
744428
744441
744567
744723
744767
744841
745021
745181
745245
745494
745556
745629
745664
746188
746473
746524
746645
746673
746851
746933
746971
747751
748015
748493
748554
748664
749338
749371
749463
749509
749516
749525
749581
749639
749950
750322
750364
750463
750609
750839
751150
751197
751248
751340
751368
751474
751502
751566
751567
751888
751913
752175
752527
753188
753248
753301
753420
753541
753619
753623
753675
753774
753844
754001
754028
754301
754321
754368
754435
754448
754574
754730
754774
754848
755028
755188
755252
755501
755563
755636
755671
756195
756480
756531
756652
756680
756858
756940
756978
757758
758022
758500
758561
758671
759345
759378
759470
759516
759523
759532
759588
759646
759957
760329
760371
760470
760616
760846
761157
761204
761255
761347
761375
761481
761509
761573
761574
761895
761920
762182
762534
763195
763255
763308
763427
763548
763626
763630
763682
763781
763851
764008
764035
764308
764328
764375
764442
764455
764581
764737
764781
764855
765035
765195
765259
765508
765570
765643
765678
766202
766487
766538
766659
766687
766865
766947
766985
767765
768029
768507
768568
768678
769352
769385
769477
769523
769530
769539
769595
769653
769964
770336
770378
770477
770623
770853
771164
771211
771262
771354
771382
771488
771516
771580
771581
771902
771927
772189
772541
773202
773262
773315
773434
773555
773633
773637
773689
773788
773858
774015
774042
774315
774335
774382
774449
774462
774588
774744
774788
774862
775042
775202
775266
775515
775577
775650
775685
776209
776494
776545
776666
776694
776872
776954
776992
777772
778036
778514
778575
778685
779359
779392
779484
779530
779537
779546
779602
779660
779971
780343
780385
780484
780630
780860
781171
781218
781269
781361
781389
781495
781523
781587
781588
781909
781934
782196
782548
783209
783269
783322
783441
783562
783640
783644
783696
783795
783865
784022
784049
784322
784342
784389
784456
784469
784595
784751
784795
784869
785049
785209
785273
785522
785584
785657
785692
786216
786501
786552
786673
786701
786879
786961
786999
787779
788043
788521
788582
788692
789366
789399
789491
789537
789544
789553
789609
789667
789978
790350
790392
790491
790637
790867
791178
791225
791276
791368
791396
791502
791530
791594
791595
791916
791941
792203
792555
793216
793276
793329
793448
793569
793647
793651
793703
793802
793872
794029
794056
794329
794349
794396
794463
794476
794602
794758
794802
794876
795056
795216
795280
795529
795591
795664
795699
796223
796508
796559
796680
796708
796886
796968
797006
797786
798050
798528
798589
798699
799373
799406
799498
799544
799551
799560
799616
799674
799985
800357
800399
800498
800644
800874
801185
801232
801283
801375
801403
801509
801537
801601
801602
801923
801948
802210
802562
803223
803283
803336
803455
803576
803654
803658
803710
803809
803879
804036
804063
804336
804356
804403
804470
804483
804609
804765
804809
804883
805063
805223
805287
805536
805598
805671
805706
806230
806515
806566
806687
806715
806893
806975
807013
807793
808057
808535
808596
808706
809380
809413
809505
809551
809558
809567
809623
809681
809992
810364
810406
810505
810651
810881
811192
811239
811290
811382
811410
811516
811544
811608
811609
811930
811955
812217
812569
813230
813290
813343
813462
813583
813661
813665
813717
813816
813886
814043
814070
814343
814363
814410
814477
814490
814616
814772
814816
814890
815070
815230
815294
815543
815605
815678
815713
816237
816522
816573
816694
816722
816900
816982
817020
817800
818064
818542
818603
818713
819387
819420
819512
819558
819565
819574
819630
819688
819999
820371
820413
820512
820658
820888
821199
821246
821297
821389
821417
821523
821551
821615
821616
821937
821962
822224
822576
823237
823297
823350
823469
823590
823668
823672
823724
823823
823893
824050
824077
824350
824370
824417
824484
824497
824623
824779
824823
824897
825077
825237
825301
825550
825612
825685
825720
826244
826529
826580
826701
826729
826907
826989
827027
827807
828071
828549
828610
828720
829394
829427
829519
829565
829572
829581
829637
829695
830006
830378
830420
830519
830665
830895
831206
831253
831304
831396
831424
831530
831558
831622
831623
831944
831969
832231
832583
833244
833304
833357
833476
833597
833675
833679
833731
833830
833900
834057
834084
834357
834377
834424
834491
834504
834630
834786
834830
834904
835084
835244
835308
835557
835619
835692
835727
836251
836536
836587
836708
836736
836914
836996
837034
837814
838078
838556
838617
838727
839401
839434
839526
839572
839579
839588
839644
839702
840013
840385
840427
840526
840672
840902
841213
841260
841311
841403
841431
841537
841565
841629
841630
841951
841976
842238
842590
843251
843311
843364
843483
843604
843682
843686
843738
843837
843907
844064
844091
844364
844384
844431
844498
844511
844637
844793
844837
844911
845091
845251
845315
845564
845626
845699
845734
846258
846543
846594
846715
846743
846921
847003
847041
847821
848085
848563
848624
848734
849408
849441
849533
849579
849586
849595
849651
849709
850020
850392
850434
850533
850679
850909
851220
851267
851318
851410
851438
851544
851572
851636
851637
851958
851983
852245
852597
853258
853318
853371
853490
853611
853689
853693
853745
853844
853914
854071
854098
854371
854391
854438
854505
854518
854644
854800
854844
854918
855098
855258
855322
855571
855633
855706
855741
856265
856550
856601
856722
856750
856928
857010
857048
857828
858092
858570
858631
858741
859415
859448
859540
859586
859593
859602
859658
859716
860027
860399
860441
860540
860686
860916
861227
861274
861325
861417
861445
861551
861579
861643
861644
861965
861990
862252
862604
863265
863325
863378
863497
863618
863696
863700
863752
863851
863921
864078
864105
864378
864398
864445
864512
864525
864651
864807
864851
864925
865105
865265
865329
865578
865640
865713
865748
866272
866557
866608
866729
866757
866935
867017
867055
867835
868099
868577
868638
868748
869422
869455
869547
869593
869600
869609
869665
869723
870034
870406
870448
870547
870693
870923
871234
871281
871332
871424
871452
871558
871586
871650
871651
871972
871997
872259
872611
873272
873332
873385
873504
873625
873703
873707
873759
873858
873928
874085
874112
874385
874405
874452
874519
874532
874658
874814
874858
874932
875112
875272
875336
875585
875647
875720
875755
876279
876564
876615
876736
876764
876942
877024
877062
877842
878106
878584
878645
878755
879429
879462
879554
879600
879607
879616
879672
879730
880041
880413
880455
880554
880700
880930
881241
881288
881339
881431
881459
881565
881593
881657
881658
881979
882004
882266
882618
883279
883339
883392
883511
883632
883710
883714
883766
883865
883935
884092
884119
884392
884412
884459
884526
884539
884665
884821
884865
884939
885119
885279
885343
885592
885654
885727
885762
886286
886571
886622
886743
886771
886949
887031
887069
887849
888113
888591
888652
888762
889436
889469
889561
889607
889614
889623
889679
889737
890048
890420
890462
890561
890707
890937
891248
891295
891346
891438
891466
891572
891600
891664
891665
891986
892011
892273
892625
893286
893346
893399
893518
893639
893717
893721
893773
893872
893942
894099
894126
894399
894419
894466
894533
894546
894672
894828
894872
894946
895126
895286
895350
895599
895661
895734
895769
896293
896578
896629
896750
896778
896956
897038
897076
897856
898120
898598
898659
898769
899443
899476
899568
899614
899621
899630
899686
899744
900055
900427
900469
900568
900714
900944
901255
901302
901353
901445
901473
901579
901607
901671
901672
901993
902018
902280
902632
903293
903353
903406
903525
903646
903724
903728
903780
903879
903949
904106
904133
904406
904426
904473
904540
904553
904679
904835
904879
904953
905133
905293
905357
905606
905668
905741
905776
906300
906585
906636
906757
906785
906963
907045
907083
907863
908127
908605
908666
908776
909450
909483
909575
909621
909628
909637
909693
909751
910062
910434
910476
910575
910721
910951
911262
911309
911360
911452
911480
911586
911614
911678
911679
912000
912025
912287
912639
913300
913360
913413
913532
913653
913731
913735
913787
913886
913956
914113
914140
914413
914433
914480
914547
914560
914686
914842
914886
914960
915140
915300
915364
915613
915675
915748
915783
916307
916592
916643
916764
916792
916970
917052
917090
917870
918134
918612
918673
918783
919457
919490
919582
919628
919635
919644
919700
919758
920069
920441
920483
920582
920728
920958
921269
921316
921367
921459
921487
921593
921621
921685
921686
922007
922032
922294
922646
923307
923367
923420
923539
923660
923738
923742
923794
923893
923963
924120
924147
924420
924440
924487
924554
924567
924693
924849
924893
924967
925147
925307
925371
925620
925682
925755
925790
926314
926599
926650
926771
926799
926977
927059
927097
927877
928141
928619
928680
928790
929464
929497
929589
929635
929642
929651
929707
929765
930076
930448
930490
930589
930735
930965
931276
931323
931374
931466
931494
931600
931628
931692
931693
932014
932039
932301
932653
933314
933374
933427
933546
933667
933745
933749
933801
933900
933970
934127
934154
934427
934447
934494
934561
934574
934700
934856
934900
934974
935154
935314
935378
935627
935689
935762
935797
936321
936606
936657
936778
936806
936984
937066
937104
937884
938148
938626
938687
938797
939471
939504
939596
939642
939649
939658
939714
939772
940083
940455
940497
940596
940742
940972
941283
941330
941381
941473
941501
941607
941635
941699
941700
942021
942046
942308
942660
943321
943381
943434
943553
943674
943752
943756
943808
943907
943977
944134
944161
944434
944454
944501
944568
944581
944707
944863
944907
944981
945161
945321
945385
945634
945696
945769
945804
946328
946613
946664
946785
946813
946991
947073
947111
947891
948155
948633
948694
948804
949478
949511
949603
949649
949656
949665
949721
949779
950090
950462
950504
950603
950749
950979
951290
951337
951388
951480
951508
951614
951642
951706
951707
952028
952053
952315
952667
953328
953388
953441
953560
953681
953759
953763
953815
953914
953984
954141
954168
954441
954461
954508
954575
954588
954714
954870
954914
954988
955168
955328
955392
955641
955703
955776
955811
956335
956620
956671
956792
956820
956998
957080
957118
957898
958162
958640
958701
958811
959485
959518
959610
959656
959663
959672
959728
959786
960097
960469
960511
960610
960756
960986
961297
961344
961395
961487
961515
961621
961649
961713
961714
962035
962060
962322
962674
963335
963395
963448
963567
963688
963766
963770
963822
963921
963991
964148
964175
964448
964468
964515
964582
964595
964721
964877
964921
964995
965175
965335
965399
965648
965710
965783
965818
966342
966627
966678
966799
966827
967005
967087
967125
967905
968169
968647
968708
968818
969492
969525
969617
969663
969670
969679
969735
969793
970104
970476
970518
970617
970763
970993
971304
971351
971402
971494
971522
971628
971656
971720
971721
972042
972067
972329
972681
973342
973402
973455
973574
973695
973773
973777
973829
973928
973998
974155
974182
974455
974475
974522
974589
974602
974728
974884
974928
975002
975182
975342
975406
975655
975717
975790
975825
976349
976634
976685
976806
976834
977012
977094
977132
977912
978176
978654
978715
978825
979499
979532
979624
979670
979677
979686
979742
979800
980111
980483
980525
980624
980770
981000
981311
981358
981409
981501
981529
981635
981663
981727
981728
982049
982074
982336
982688
983349
983409
983462
983581
983702
983780
983784
983836
983935
984005
984162
984189
984462
984482
984529
984596
984609
984735
984891
984935
985009
985189
985349
985413
985662
985724
985797
985832
986356
986641
986692
986813
986841
987019
987101
987139
987919
988183
988661
988722
988832
989506
989539
989631
989677
989684
989693
989749
989807
990118
990490
990532
990631
990777
991007
991318
991365
991416
991508
991536
991642
991670
991734
991735
992056
992081
992343
992695
993356
993416
993469
993588
993709
993787
993791
993843
993942
994012
994169
994196
994469
994489
994536
994603
994616
994742
994898
994942
995016
995196
995356
995420
995669
995731
995804
995839
996363
996648
996699
996820
996848
997026
997108
997146
997926
998190
998668
998729
998839
999513
999546
999638
999684
999691
999700
999756
999814
