3360
22
1518
1100
0
0
3360
22
1518
2200
1320
4856
1180
903
0
0
3376
1741
920
0
0
0
0
1185
18
442
502
353
122
1111
4080
1476
718
1092
1050
0
0
0
1092
1118
903
6037
1518
22
1400
1100
1112
2249
3722
2385
2986
324
1092
1852
825
0
584
782
538
2276
744
810
0
0
725
556
1660
540
0
222
1016
2272
2672
56
1842
1617
195
1433
192
4093
1518
3722
468
435
188
1609
2800
1776
3280
610
793
0
348
5404
664
1904
122
1188
788
3448
3392
192
4540
4093
1518
4652
832
1590
903
22
1609
4008
1336
356
903
22
4093
0
1518
1760
1575
1461
2617
3280
184
762
819
1681
0
0
0
1618
2200
4416
0
0
0
4080
0
80
1131
2595
520
870
1053
0
0
0
571
1240
0
0
0
0
0
0
0
0
0
0
0
0
0
0
0
0
1092
860
2584
100
0
0
0
0
0
0
0
0
0
0
0
0
0
0
0
420
2282
1442
0
0
0
0
0
0
0
0
0
0
96
80
1368
96
1613
0
0
0
0
0
0
0
0
0
0
0
0
0
0
0
0
0
0
0
0
0
0
0
0
0
0
0
0
0
0
0
0
0
0
0
1575
2979
873
0
520
3247
80
184
1607
0
-202277
0
0
0
322
96
335
0
0
0
0
0
0
0
0
1400
0
2364
22
0
0
0
0
0
0
0
0
0
0
0
0
0
0
0
0
0
0
0
0
149
0
0
0
0
0
0
0
0
721
1058
0
0
0
0
0
0
0
0
0
0
1080
452
1155
0
0
985
0
0
0
0
0
0
0
0
0
0
0
0
0
0
0
0
0
0
0
0
0
0
0
0
0
0
0
0
6132
1575
1080
3011
3101
2979
4381
2042
1102
-36447
0
0
5140
0
0
0
254
849
0
1440
0
0
0
1596
2290
1019
325
192
488
0
0
1000
184
2864
1567
0
819
2363
80
1803
0
0
0
0
0
0
0
4855
2979
2617
2972
1960
184
1668
122
0
2174
3429
-35360
0
0
-37878
3337
0
0
2316
891
900
0
2901
392
2075
571
2404
0
0
2256
1776
1964
1450
400
0
376
596
232
870
2150
23065
22
1760
80
152
1294
198
0
0
0
2500
0
0
2551
4416
3564
0
0
0
872
0
516
1499
1986
0
1635
0
145
0
0
0
0
0
0
0
0
0
0
0
0
97
702
540
18
0
0
0
0
0
0
0
1400
1084
0
0
0
664
105
1440
479
2
1000
588
0
0
0
0
0
0
3943
664
1588
105
6380
664
1588
105
2979
376
0
2005
718
1060
2121
4855
496
6982
568
2933
0
0
0
870
3210
452
3142
1639
1901
1100
0
1462
1002
2020
830
1450
400
-82347
0
757
2191
0
3306
0
1179
996
0
2636
0
0
0
0
0
0
0
560
1110
523
28
0
0
0
0
0
2648
2256
0
0
537
80
1352
604
0
0
0
0
0
262
596
681
470
0
0
0
0
0
0
0
27
8680
3306
2191
2189
9380
1100
4096
1744
702
1450
169
2551
-101821
0
2200
1131
1092
1380
0
0
0
2036
1066
2819
1265
0
140
416
0
0
80
949
903
22
1714
811
1575
5840
0
0
0
4648
1609
0
0
0
0
0
0
3429
0
0
0
0
0
0
0
0
0
0
0
0
0
0
0
0
0
0
0
0
0
0
0
0
0
0
0
0
748
849
1607
2316
1600
3065
210
900
0
3255
2979
3331
5483
-37928
0
0
0
0
0
0
571
1002
2720
163
0
8179
0
0
819
2407
1974
0
1166
0
0
0
0
0
1050
0
367
0
0
0
0
0
0
0
0
0
3331
80
599
571
819
2789
6160
0
184
2642
2022
3262
4058
1002
2100
224
1019
2180
517
2154
-48961
0
3585
0
2256
776
2042
0
0
547
2337
0
0
0
0
417
1163
1273
0
0
0
0
0
1270
213
0
0
1674
1804
543
1681
821
0
51
2915
0
0
0
606
0
0
0
0
1250
0
939
488
1163
390
0
0
0
0
0
0
0
0
0
0
0
0
0
0
0
0
0
0
3909
80
1760
3331
2935
0
0
960
0
0
0
0
0
4114
0
1195
0
0
0
3376
96
2112
0
0
-67088
0
0
693
406
0
0
0
599
3405
-21812
4855
7230
2617
2979
80
3247
1488
2752
830
0
0
568
1120
322
0
0
0
0
0
0
870
1086
2908
0
1716
1736
0
0
0
0
0
0
2306
0
0
0
1000
0
483
872
0
154
0
0
0
7230
568
1120
1163
571
-40167
276
1796
4440
722
4879
870
2979
3210
722
718
392
0
0
883
0
2617
1414
2360
675
0
0
1004
3101
2355
0
0
0
0
0
0
1700
0
880
1883
114
723
40
1760
2129
198
0
0
140
1191
1839
184
760
0
0
0
0
60
0
0
0
0
7230
2596
819
488
3331
1120
1450
0
452
870
776
1002
4560
571
900
1294
1868
0
0
80
599
987
184
979
0
0
-66523
0
0
1407
817
2022
935
1359
606
0
0
0
560
718
2431
0
0
0
0
0
0
596
0
0
1470
0
143
2180
203
0
0
0
7500
4648
-46290
3909
80
1901
1526
3388
862
0
3455
2431
154
0
870
2599
0
0
0
0
303
0
0
77
946
731
184
1760
1163
571
276
722
1978
1722
38
520
718
1804
2617
702
946
1245
0
3333
7
0
0
0
0
0
0
0
0
0
0
0
0
2462
227
873
0
934
565
0
0
819
-55265
1002
3210
2777
81
0
0
6292
1600
3065
210
325
0
0
0
0
616
452
2301
675
0
1600
0
2523
914
0
0
0
0
0
0
0
0
0
0
2473
0
0
0
0
0
0
0
0
0
0
0
0
1120
-36219
1859
3151
184
2642
2022
4745
3233
2596
472
0
0
0
0
488
4560
-19703
0
571
5190
0
0
0
2256
260
0
2777
-18964
1024
0
4971
2772
2823
870
1092
0
0
18
819
2617
1002
2462
571
1698
259
718
84
0
0
0
63
0
1008
0
586
0
0
0
0
0
0
0
0
0
6380
1600
18
1092
1177
7868
933
1008
9830
576
1024
1157
20
4971
0
0
1008
755
870
2036
2617
1073
2376
4606
2835
0
718
819
846
150
0
-63083
0
-66387
0
0
3280
0
0
2074
0
0
0
538
0
1973
1477
80
7008
1317
2061
58987
1838
2446
420
0
0
0
0
0
0
376
1428
0
0
620
0
776
122
1818
2
0
0
1575
622
1439
1009
598
319
1462
602
0
0
0
0
0
0
0
0
400
2005
573
1512
918
0
0
0
0
2428
599
421
0
0
0
264
329
0
0
0
0
0
0
0
0
0
0
0
0
0
0
0
0
0
0
0
0
0
0
0
0
0
0
3376
96
2360
256
6447
-57835
0
0
0
1424
0
0
0
2508
0
0
176
0
2172
3050
968
1212
0
783
1804
3210
528
3388
452
816
0
0
0
0
870
3346
1106
0
2524
1488
738
137
584
1019
580
0
184
69
0
0
0
0
0
73
78
0
1973
0
39
232
1104
0
0
0
0
0
130
819
0
0
0
0
0
0
0
4281
3473
2617
4080
0
80
819
4586
870
3524
901
0
262
2340
1394
0
1725
6832
1163
657
0
0
0
-61467
0
903
22
269
3824
1518
1760
8
0
2633
0
571
2256
-42435
870
488
3180
688
757
0
1480
0
1929
3250
2599
0
0
3026
0
0
0
0
0
0
718
819
1403
766
0
0
0
0
0
0
0
0
0
0
0
0
0
0
0
0
0
0
0
0
0
0
0
0
0
452
2672
2551
1510
4083
549
0
0
0
0
819
4567
156
0
0
0
2839
1092
1454
0
0
750
2670
0
6050
870
346
-25714
0
0
1244
184
636
0
0
0
819
2998
0
3210
944
4855
-31567
-30602
80
376
2756
0
903
22
1575
0
0
0
0
746
0
0
0
1028
2121
496
2301
788
571
2612
3065
1672
1215
26160
1230
0
0
0
0
0
0
0
0
3247
445
869
0
0
559
0
262
0
36
0
0
0
0
0
0
311
1002
795
0
197
0
0
0
0
0
0
0
0
0
0
0
0
0
0
152
2316
819
105
98
0
0
0
0
0
571
1002
215
0
0
0
-46231
0
0
0
0
3179
1625
0
0
0
0
0
2340
4964
0
0
812
0
0
0
0
424
116
0
6625
105
152
0
0
0
388
400
98
0
0
0
314
4648
1554
1764
0
-19756
0
0
0
2340
4190
0
0
0
0
571
3210
4855
1097
0
3120
3065
1901
1129
0
0
0
240
0
-19068
184
1642
1732
0
722
635
1663
0
0
2998
0
944
1255
0
0
1400
0
2236
109
0
0
0
0
0
0
0
0
0
0
0
22
870
2138
0
80
450
0
0
0
0
0
0
1004
2216
150
904
1002
3156
1488
788
10
1294
408
0
0
0
0
0
0
0
0
0
0
0
0
0
0
0
0
0
0
0
0
0
0
0
0
0
0
0
0
0
0
0
0
0
0
0
0
0
0
272
1760
1019
93
770
0
0
0
0
0
0
0
0
0
0
0
0
0
0
0
0
0
0
0
0
750
2670
0
0
452
2672
2360
0
-50186
0
0
0
900
2617
571
760
0
0
0
1853
0
0
0
0
2256
4279
1157
0
0
631
0
0
0
0
0
0
0
1212
-31624
5686
1804
3210
1901
170
0
0
0
3376
96
2360
256
1544
2340
1163
799
184
2904
383
584
4648
634
738
0
0
0
0
0
0
0
0
0
0
0
0
0
0
0
0
0
0
0
0
0
0
0
0
0
2310
0
0
0
0
0
0
0
0
0
2979
452
3142
3101
4359
-36778
-37977
4855
225
2340
0
0
376
2005
718
1060
2121
870
496
3247
602
32897
1932
0
0
0
0
0
0
0
0
0
0
0
0
0
0
0
0
0
0
0
0
0
0
1792
1570
0
626
0
0
0
0
0
0
0
0
1080
873
0
520
22
1416
137
80
184
274
0
0
0
0
0
2174
2979
1964
1450
0
400
0
4855
3383
0
0
0
2578
0
3922
0
-35293
0
0
0
0
2617
151
0
0
0
0
0
0
4855
-27328
0
0
226
252
1524
1600
0
0
0
0
0
0
0
846
0
6296
0
0
6982
870
5718
0
2979
1940
0
0
0
454
278
2094
172
1100
702
0
0
0
0
0
2036
815
3745
84
0
-13866
-17749
900
0
6870
3331
6648
80
1575
2600
0
0
0
0
157
1617
639
0
0
225
79
3778
664
0
0
0
1524
-43096
4586
80
256
0
0
0
3120
2288
70
589
568
2720
1455
325
269
537
618
1362
1246
0
0
0
0
0
0
0
0
0
0
0
0
0
0
0
0
0
0
1371
111
0
0
0
0
0
0
0
718
4848
0
1377
0
0
0
0
0
0
0
184
2642
2022
4943
2979
2617
3388
3331
3246
3733
0
0
0
397
3065
1085
-24215
0
0
0
692
0
896
819
3064
0
800
0
3074
0
0
1906
0
0
0
0
0
0
0
1287
0
0
895
1960
1703
0
0
0
7001
2642
1916
2617
4855
2915
3429
80
-65211
0
819
1294
215
0
290
0
1870
2316
272
2288
70
589
64
568
417
845
3498
692
0
0
0
0
0
0
0
0
0
0
0
804
715
0
0
0
0
0
0
0
0
0
0
0
722
1760
0
3754
0
0
0
0
0
0
0
0
0
0
0
0
0
870
7230
1673
2617
1549
1200
0
0
0
105
904
1796
3376
96
1850
0
1100
2980
0
2892
330
2700
1936
-37425
0
0
0
-44377
0
872
315
971
1400
304
0
0
0
152
555
0
0
0
1002
496
882
0
0
0
0
0
0
0
259
0
0
0
0
0
4433
0
0
0
0
0
0
37839
147
1654
990
618
417
520
201
1991
0
0
0
0
0
0
0
0
0
0
0
0
0
0
0
142
0
0
0
0
0
0
0
0
0
0
0
0
0
0
0
7002
4055
5062
105
50
42
276
1378
231
5520
4055
276
1400
812
0
404
3280
184
4586
571
3210
269
1524
1450
0
0
0
903
22
1455
1760
1575
-81649
0
0
3248
80
4158
176
2670
0
0
1188
0
322
0
0
0
0
0
0
0
0
0
0
0
0
0
0
0
0
0
0
0
0
0
0
0
0
0
0
0
324
0
229
0
0
1360
0
0
0
0
0
0
0
0
0
629
2575
0
68
0
0
0
0
0
0
0
2295
1276
0
0
0
0
0
0
0
0
0
0
0
0
0
750
2672
448
2804
0
1504
322
1156
0
0
0
0
0
0
0
0
0
0
0
0
0
0
0
0
0
3210
2979
870
2617
819
1002
2005
6172
2658
225
718
1091
0
0
0
0
-53941
0
0
-46161
0
46161
0
0
4855
294
1928
1524
5364
2864
1092
874
1096
0
0
0
1185
552
-19395
0
870
2292
1760
150
0
0
312
0
0
0
0
0
0
0
0
0
870
4156
0
-29283
2318
0
0
3388
3331
3241
0
0
0
0
1600
0
0
0
299
80
2036
4862
473
1002
1597
0
2721
0
0
0
0
0
4855
1000
599
483
0
3405
2925
435
0
0
872
0
315
-31709
0
0
0
2789
662
0
0
0
0
0
0
0
1200
0
16
2972
2617
718
571
319
0
3065
2617
596
0
870
-25716
-26021
2316
959
0
0
0
0
0
0
2174
805
718
184
576
0
558
0
3244
0
1002
25970
904
523
0
0
48
3
0
0
0
5484
18
452
2780
-22225
0
0
-15464
290
0
0
0
3346
1002
2972
1960
217
535
15464
0
0
1400
0
0
0
0
0
0
0
0
0
0
0
0
0
0
0
0
0
0
0
0
0
0
0
0
0
0
0
0
0
0
0
0
2292
2979
483
-20999
-16814
1160
0
0
0
0
2224
5284
12
0
900
870
2010
73
2953
0
16814
811
0
0
0
0
0
0
0
0
0
0
0
0
0
0
0
1760
4950
80
2551
3520
0
1901
2617
1335
1385
4
-16364
-24419
4426
1091
903
22
2979
1575
855
1092
1332
0
3486
2741
0
520
870
18902
697
0
0
0
0
0
0
0
0
0
0
0
0
0
0
0
0
0
599
1197
149
2020
184
2022
1676
0
0
0
41
1342
447
0
320
1742
80
2288
70
589
1524
568
1262
2617
3050
2224
3766
0
0
0
-50792
3331
222
2005
625
0
2400
1510
438
4105
0
0
0
0
0
0
0
2547
0
0
0
0
0
0
0
0
4586
-32533
3376
2617
4080
0
80
819
3280
184
1504
269
3934
530
240
1698
991
0
473
2867
0
870
110
0
0
0
0
0
0
0
0
0
0
0
0
0
0
0
0
0
0
571
2239
1883
0
0
0
0
0
0
0
0
0
0
0
0
0
0
0
0
0
0
489
1736
635
568
2331
22
2277
0
0
0
0
0
0
0
0
0
0
0
0
2488
0
123
0
0
0
0
0
0
0
0
0
1480
0
0
0
0
0
-52699
599
571
2806
0
0
0
0
718
936
0
0
4648
2256
870
29
0
0
0
0
0
0
0
0
0
0
0
525
1221
272
250
904
184
890
2316
-18940
1002
1524
2720
718
4322
1600
3065
210
900
0
997
0
0
0
1440
3080
0
0
0
0
0
0
0
1455
1324
538
202
2407
1698
1464
612
239
0
152
819
3970
0
0
290
0
2056
1870
98
0
788
0
0
0
1481
766
0
0
0
0
0
0
0
599
184
1641
0
642
0
0
0
0
870
2617
4653
4373
3346
-48974
1320
2036
2376
148
0
276
1855
0
1804
1384
2972
2980
0
0
0
1499
4266
1549
1811
0
718
819
571
503
520
1760
2053
0
0
2821
776
122
1002
1616
2228
1339
0
0
0
0
0
0
42
417
292
0
0
0
0
0
0
0
184
749
984
0
0
0
0
0
0
0
0
0
1524
2563
488
861
0
0
0
0
0
0
0
0
0
0
0
0
0
0
0
0
0
0
0
0
0
0
0
0
0
0
0
2076
0
0
0
0
0
0
0
0
0
0
0
0
0
0
0
9100
3706
2343
1188
1305
870
2979
-87675
0
0
718
6832
702
1510
5841
0
1440
418
0
0
0
540
2150
2387
3185
571
3210
1190
0
0
0
568
2722
232
291
0
0
0
0
0
0
0
1163
599
276
756
0
0
0
0
0
0
0
0
0
0
1000
1570
0
307
0
0
0
0
0
0
0
0
0
0
8666
4557
1284
3101
184
2864
1092
475
0
2979
819
2617
80
3049
0
0
800
0
1964
5184
300
3600
0
0
3404
2328
0
776
768
0
0
0
0
0
0
0
0
0
-60208
0
0
0
0
-58602
0
105
467
2595
2180
1016
422
28
3198
163
0
0
0
4728
0
0
0
0
0
0
52239
0
0
225
3981
660
0
0
0
0
0
0
0
0
0
0
0
0
0
0
0
0
0
6172
7294
5718
184
-47166
86
0
0
0
2548
0
0
0
4855
1705
0
172
894
3210
1504
4592
0
0
0
-43280
0
4855
1870
2617
2316
3388
870
512
0
571
2625
0
0
2551
0
1002
428
1112
0
0
-17399
80
2036
870
4862
520
2364
0
0
1002
322
96
1575
622
3331
184
2823
880
2479
4156
0
2724
0
0
0
2224
1488
0
0
0
66
0
2357
1901
2819
471
278
1530
1804
576
397
0
139
237
386
0
0
0
0
2100
396
0
0
0
0
1092
1553
267
0
0
0
0
0
0
0
3180
1188
1566
383
0
0
185
524
0
0
0
0
0
0
0
0
729
0
0
0
0
0
0
0
0
0
0
0
0
382
0
0
0
0
0
1524
4636
-68752
1000
6221
0
0
0
571
1746
0
272
761
1409
0
0
0
0
0
870
7230
1299
0
0
517
0
0
0
0
0
0
0
0
2979
1389
1575
-24056
0
873
0
520
3210
2488
0
80
184
350
0
0
0
0
0
0
0
3850
0
0
0
39
0
2172
3050
968
-21498
0
3376
5792
0
0
0
4080
0
232
870
1048
0
0
0
80
571
262
963
44
9610
39
57
232
2076
540
903
475
2005
2979
718
2056
2111
2784
1160
0
568
2530
0
0
0
0
-30388
0
4426
1661
0
2804
776
2617
2578
4012
709
43
525
0
0
0
0
0
0
2224
2172
0
80
1120
1760
599
1197
0
0
1000
2020
662
2112
0
0
0
0
0
0
4950
1217
0
0
0
0
5682
1510
-42896
-44681
0
1163
3345
43467
1079
0
0
0
0
0
0
0
520
2168
0
0
0
0
0
0
0
0
0
0
0
0
51
0
0
0
0
0
0
0
0
0
0
0
0
0
0
0
722
4879
942
0
0
0
0
0
0
0
0
0
0
0
0
0
3050
80
4080
0
2979
3098
0
0
1109
1002
870
-37700
0
0
0
488
0
0
0
0
0
0
3528
0
0
0
0
0
0
0
0
0
0
1002
819
6292
6306
0
776
2617
3210
2381
2301
339
1019
-22135
6982
2458
469
0
0
0
0
0
0
0
0
0
599
571
2789
826
0
0
0
0
0
0
0
904
386
0
0
0
0
0
32
0
0
0
0
0
0
0
2510
333
377
0
184
-40538
0
0
397
3065
800
0
3101
651
3074
0
0
0
3210
2075
571
4563
0
0
0
0
544
417
2136
819
1163
106
0
0
0
0
0
0
0
0
0
804
0
0
0
0
0
0
0
0
0
0
0
0
0
3331
2042
0
0
3065
1092
1772
0
325
1464
3388
608
1683
4426
4247
561
0
0
0
0
0
580
0
870
2224
2313
234
0
0
1732
0
0
0
873
0
96
80
1535
704
168
900
0
-28849
0
-28996
0
0
4114
2224
102
1087
3011
376
817
397
1864
2720
24796
149
1042
1795
0
1575
2625
1413
0
5280
880
520
4224
0
3388
718
2277
0
2525
1804
4648
-70489
0
0
0
312
0
0
0
4606
0
0
870
580
0
184
1185
771
0
0
0
0
0
0
0
0
0
2226
463
0
2810
476
0
706
0
0
0
0
0
0
0
0
0
0
0
0
2617
4420
2206
571
-37925
0
3224
2488
0
819
1002
3210
2777
4426
2301
3087
2979
2149
0
563
0
435
184
1393
0
81
0
1289
0
0
0
0
0
0
0
0
0
0
6
0
0
0
0
718
4848
0
1654
2903
-44897
18
0
0
417
1200
0
0
0
520
2892
870
3282
0
0
0
836
0
1489
0
0
0
872
0
315
2717
0
0
0
0
0
0
24
80
796
0
649
571
1019
4240
496
969
0
0
0
0
0
0
0
0
0
0
0
0
0
0
-24920
0
0
4000
0
0
0
0
1002
2418
819
2998
0
3210
683
0
1841
0
0
0
0
4892
262
0
2005
2239
0
2288
172
2617
3388
6810
6422
2780
0
-22066
0
2599
466
80
1756
870
37
1689
0
0
0
1401
410
576
3448
500
2929
3570
0
444
873
96
1134
0
0
0
0
2892
0
0
7952
568
599
2665
2892
-78375
5368
225
7487
3267
819
272
209
544
417
2772
2415
2248
0
0
80
1804
262
776
184
1353
28
2617
697
0
0
954
0
0
1029
722
533
0
0
0
0
0
0
0
0
2288
70
589
1524
568
233
983
0
872
0
-43398
4855
1200
0
0
16
2131
3388
2529
0
0
571
4080
0
1000
870
1998
0
0
0
0
0
0
0
0
0
0
452
3056
2784
0
0
1080
244
0
1027
0
0
0
0
0
0
0
0
0
0
483
0
2999
263
0
0
0
0
0
0
3909
80
4720
0
819
-29289
0
870
4306
1408
776
184
376
2756
0
0
1375
1359
0
0
0
0
0
0
0
0
0
0
0
0
0
0
0
0
722
2640
2473
0
0
0
0
0
0
0
0
0
0
0
0
0
0
520
1575
701
-34090
0
870
5686
1444
0
0
0
4240
1317
272
0
0
0
0
0
0
0
900
687
0
0
0
0
0
0
0
0
0
0
0
0
0
0
0
0
0
272
722
2422
2457
1760
0
4080
0
1524
1549
-19819
0
1293
376
225
954
763
0
0
870
1375
0
3033
262
125
1913
0
3968
0
2617
819
247
0
0
2979
3098
0
0
5284
900
534
0
0
0
0
0
0
-31457
0
0
3050
80
1964
285
1294
1121
0
0
0
0
4056
0
0
0
0
0
0
0
870
576
554
0
0
0
0
0
0
0
0
0
0
0
0
0
0
0
0
0
3388
452
3065
-26476
0
0
0
16
4855
402
0
0
0
0
3091
2360
256
257
3246
872
0
315
2784
0
0
1080
378
0
1498
0
1984
1191
718
30
0
0
0
0
0
1610
0
0
694
0
0
0
0
0
0
2979
3247
-36880
3101
3349
3142
1554
2617
4081
0
0
80
599
1403
0
3301
873
0
194
0
0
0
1716
2235
0
0
0
0
0
0
0
0
0
0
6982
1002
-32381
-30090
1524
2720
6634
1856
0
6328
0
0
0
0
0
2
3572
26536
2438
0
0
0
0
0
0
0
0
0
0
0
322
96
1575
622
520
870
2917
0
0
0
0
-23914
0
0
0
417
237
0
0
519
731
0
0
80
184
1575
-15431
2364
5868
0
0
0
1834
1176
0
4272
0
0
58
0
0
2104
0
1080
170
0
0
0
0
6412
-20379
3065
4855
1524
1091
4224
0
681
2617
119
669
0
0
0
0
0
0
0
571
272
3091
1445
903
0
0
0
0
1700
240
1372
0
0
0
0
0
0
0
0
0
0
0
0
0
0
0
0
0
0
0
0
0
0
0
0
0
0
1002
2429
0
-31812
0
0
0
571
1519
2617
1651
0
0
0
0
0
0
0
0
0
0
0
0
0
331
0
0
0
1611
5683
16
2617
154
-5584
0
0
0
0
172
1524
1325
452
2672
252
1440
4224
0
50
0
0
0
2155
0
0
0
0
0
0
0
0
0
0
1482
0
0
0
0
0
0
0
0
0
0
0
-27627
3065
278
2094
80
184
1575
1075
2600
0
0
0
0
0
0
2551
2617
672
0
1232
707
0
0
0
0
2508
489
0
0
0
0
1358
0
0
0
0
0
0
0
0
0
0
0
0
0
0
0
0
11
819
870
272
311
0
0
0
0
0
0
0
0
0
0
0
0
0
3065
2174
805
718
184
2617
576
0
5604
3331
482
0
0
0
0
0
2999
596
0
870
403
0
0
0
0
1002
-27602
0
0
0
825
0
0
0
0
0
0
254
3743
0
0
0
0
0
0
0
0
560
0
0
628
376
0
709
1110
1200
1616
749
0
0
0
0
0
0
0
0
0
0
0
0
0
0
0
0
0
0
0
0
4426
-32263
2952
4220
1698
1464
618
718
4750
2617
4403
1250
4230
3180
1760
2112
0
0
0
0
184
2979
4080
520
1332
0
0
0
0
0
0
0
0
577
0
0
0
0
0
0
0
0
0
0
0
0
0
0
0
533
0
2229
427
0
0
0
0
0
0
0
0
0
0
193
2105
41
1069
0
0
0
0
0
0
0
0
0
0
0
0
0
0
0
0
0
0
0
0
0
0
0
0
0
0
0
7200
4230
1100
150
-70834
417
1905
0
1964
452
1219
0
0
0
0
4862
338
0
0
0
0
780
819
4448
0
599
1649
0
1597
0
2559
3840
6328
0
1470
0
0
255
0
472
0
0
0
0
0
0
4496
870
819
3388
417
-42013
0
0
0
0
0
-41588
0
776
1002
3331
58
0
0
0
0
1616
1632
108
41588
0
0
0
0
0
184
3076
0
0
0
0
0
472
0
0
0
0
0
0
0
0
0
0
0
519
237
0
0
180
0
0
0
0
0
0
2128
0
0
0
0
322
96
1486
0
278
0
0
0
0
0
0
0
0
0
0
0
0
0
0
7960
417
58
519
220
1840
288
803
237
322
96
60
7960
417
1904
58
519
220
739
237
1101
288
7982
1904
-56164
237
0
0
571
-3883
2720
2256
7230
1700
0
0
0
0
0
0
870
1527
0
0
568
1120
330
0
0
0
0
0
0
2400
1796
1019
2772
898
278
1157
1002
2429
0
2518
0
0
0
0
0
0
2316
488
184
2345
0
0
0
397
0
0
0
0
0
0
0
0
0
819
519
320
0
0
0
0
139
0
0
0
0
0
0
0
0
0
0
0
0
0
0
0
0
0
0
0
0
0
0
3455
4247
-43042
0
520
669
0
0
0
96
1019
1916
0
0
1087
0
675
0
0
0
0
0
0
0
0
0
0
0
0
0
0
0
1698
1464
2772
1380
-18470
0
900
4426
733
80
150
0
4080
0
1524
1191
0
4420
616
0
0
240
0
0
435
4858
115
0
0
1611
4073
2617
612
452
1400
0
92
0
0
0
0
0
0
0
0
597
73
659
1600
571
1535
2450
0
0
843
396
0
0
0
0
0
0
870
944
0
0
154
366
267
0
195
3700
768
0
0
0
0
0
0
762
0
417
601
0
0
184
1888
3247
0
538
0
3180
2617
87
4426
-65573
1760
857
0
0
0
4950
80
1352
0
0
0
1488
599
2752
3255
0
0
0
520
2122
171
170
1397
0
0
0
2041
3604
0
870
1208
0
0
0
0
0
192
5184
-40537
2617
607
0
0
0
0
1317
452
-9977
5484
2672
2617
2646
102
0
0
819
413
0
1944
0
0
296
0
1150
3065
1467
0
0
0
0
0
0
0
0
0
0
0
0
0
0
5940
256
78
1232
0
1944
0
0
2172
-33261
599
2752
4420
2972
96
2360
184
2979
4071
0
0
0
3405
1066
0
0
0
3712
1148
0
3180
2617
87
2210
0
0
560
0
2508
0
0
176
0
39
0
1917
2123
417
4855
7230
1840
2903
-45033
0
0
0
0
151
2456
0
0
0
0
519
1928
0
0
870
836
0
718
1796
1019
1021
-43761
1788
184
1623
0
1188
237
819
136
0
0
0
0
0
0
0
0
0
0
0
0
1815
628
2742
35594
0
2376
-28388
80
376
1348
0
0
0
140
722
1263
452
780
819
-6657
0
1470
0
0
836
0
5511
417
1905
0
391
776
4789
7702
1510
80
-22594
520
4086
0
0
0
0
0
0
0
456
0
0
2280
568
3416
0
1120
1760
1825
0
619
0
0
0
0
0
0
0
0
0
599
1197
0
0
971
662
2112
0
0
0
0
0
0
1379
0
0
0
0
0
0
0
4855
-31677
80
225
0
0
294
2478
3829
0
0
1419
0
0
0
0
0
0
0
0
0
0
0
0
0
0
2292
2224
5284
4855
870
432
208
0
2979
87
0
0
0
0
-12163
0
-12219
1760
450
0
0
12219
0
2013
442
1160
0
0
0
0
900
195
1867
73
183
217
862
0
0
96
2360
2508
0
0
176
0
39
0
0
3376
256
3871
-22336
0
0
0
0
5686
1804
870
580
0
184
2810
476
0
0
-14241
0
0
0
1576
520
576
1264
0
6634
4224
0
718
2277
0
2736
0
2075
571
4855
195
244
3360
0
0
0
0
0
0
0
322
96
2197
587
1607
0
2045
231
0
0
0
80
1021
0
0
0
0
0
0
0
0
0
-59181
2617
760
0
0
0
750
2670
0
0
2328
0
1469
80
870
2672
38
0
0
0
0
0
0
2708
0
0
0
0
0
0
0
0
26
0
0
0
0
0
0
0
0
0
0
0
0
0
0
0
0
0
0
0
0
80
-14171
184
2823
2617
2036
870
3777
0
4540
340
0
0
0
816
1972
0
0
0
0
0
0
520
1760
400
0
0
0
0
2545
6528
400
2100
474
896
0
1355
2972
2617
4700
870
417
1504
561
0
-40020
0
0
0
1511
0
0
0
0
1613
0
240
0
14
0
0
0
0
-17609
722
3616
2125
556
0
0
0
870
846
150
0
128
0
0
0
0
0
0
0
406
0
0
0
3110
406
998
150
150
572
0
0
124
2979
2013
1000
-12614
0
520
1986
0
0
640
0
0
28
105
3331
2595
2479
1016
170
3746
571
3180
1200
0
0
0
51
0
0
435
0
0
0
0
88
96
80
1570
0
1591
0
0
0
0
0
0
0
0
0
0
0
0
0
0
0
0
0
0
0
538
0
0
0
808
0
0
0
0
0
0
0
0
0
0
0
0
7689
538
1986
1518
0
2013
0
0
540
873
68
2340
6193
-42176
0
0
0
1212
0
1037
1804
597
0
2952
1859
718
584
1019
1308
1901
2979
7185
0
184
1760
3333
1100
0
2400
0
970
0
0
0
596
0
0
0
0
0
0
0
0
3712
276
571
2585
0
0
0
0
1245
1804
2844
1661
80
2474
1041
870
242
-21793
0
3346
643
0
0
1175
0
0
0
0
0
722
4879
2979
904
-45338
0
0
0
0
0
-51971
1004
80
2159
900
870
1600
0
0
0
2544
1002
54
3166
0
0
1656
0
3924
0
0
0
0
0
40329
3210
3951
2001
620
1860
2619
0
0
0
0
0
0
0
0
0
0
0
0
-34218
4416
0
96
2360
3204
750
52
0
870
3388
2107
0
0
452
1468
0
0
0
0
0
0
0
0
0
1002
-15876
0
0
-18046
4862
520
2740
0
239
5284
1052
490
0
904
12664
0
0
22
0
0
0
0
0
6543
-17093
0
0
0
-16859
2551
0
0
0
0
1760
0
0
0
0
0
16859
0
0
0
3210
1792
4224
0
-8830
0
0
0
0
0
-12258
3120
228
0
9401
2857
0
0
0
1163
2837
184
496
2617
1474
0
0
0
0
0
0
0
0
0
0
0
0
718
-23081
0
618
2772
675
2005
1983
0
0
0
3436
0
1654
2903
520
2475
0
0
0
0
0
0
2952
1859
1109
2308
996
50
417
560
0
0
0
2466
0
0
0
0
0
0
0
0
0
1002
-37324
904
2005
391
0
0
0
0
0
819
1473
2316
2112
0
870
1616
1495
0
0
0
0
628
476
1060
1584
0
0
0
2617
452
2672
-17140
6537
2259
252
3871
0
0
0
0
1364
718
387
7294
2682
141
-13371
0
0
4855
429
0
0
172
1524
6031
4648
0
0
718
0
0
0
0
0
253
0
0
0
0
0
0
0
0
0
1002
0
0
0
0
0
80
0
0
0
0
0
0
0
0
0
0
0
0
2979
3101
4381
-35951
1549
2042
1102
3142
1554
452
184
2642
2022
1240
0
0
0
0
0
1901
1177
280
0
873
0
520
571
0
0
0
0
0
0
0
0
0
0
0
0
0
0
0
0
0
0
0
0
0
0
1068
418
0
0
0
0
0
0
1524
0
0
0
2340
0
165
0
0
0
0
0
0
0
0
0
0
0
-40202
5904
376
268
225
686
722
1760
0
4080
0
241
0
2617
819
2300
718
1746
4630
65
0
33
0
0
184
168
0
0
1549
3388
652
0
0
0
0
3113
29
2444
870
1146
0
0
-38265
0
1648
5284
1052
3049
278
1680
0
0
0
2617
1813
2820
1002
80
2036
870
4862
520
435
767
0
0
765
4138
0
6172
-33718
294
2744
96
4550
184
1838
0
2952
2174
805
86
0
0
0
0
2531
441
225
3895
272
28
0
0
0
0
1901
0
571
0
0
0
0
0
1248
0
0
0
0
0
0
0
0
0
0
0
195
299
488
1274
0
0
0
6112
2744
294
596
1305
2979
-47302
3180
1634
870
2720
325
4689
0
3469
0
983
4158
2174
1002
391
0
1000
1792
1570
0
0
289
0
0
0
0
0
0
0
0
0
0
0
0
0
0
0
392
819
1373
0
0
0
0
299
0
0
0
0
0
0
0
0
0
0
0
0
0
0
0
0
0
0
0
452
1072
0
0
1989
0
0
0
0
0
0
0
0
0
0
0
0
0
0
0
0
6050
1080
-41112
1510
2042
2266
0
0
1002
2772
242
1616
568
870
1899
3345
465
744
0
0
394
0
4080
0
39
0
929
824
1464
2562
0
0
0
0
0
0
0
1611
766
0
0
0
0
0
0
0
0
2022
0
0
0
0
0
352
0
503
0
0
0
0
0
718
7702
1440
-34868
4855
1433
0
1319
2316
1690
0
4706
315
2816
0
0
4320
2126
571
1002
91
1060
1611
431
0
0
4648
1888
849
-46650
0
0
627
0
0
0
452
1698
1464
1554
520
1839
0
2648
780
238
0
1500
2646
214
0
0
742
0
0
0
0
0
0
2466
2392
0
0
0
0
0
0
225
1647
0
0
870
456
3126
0
0
0
2979
819
4060
571
-29994
0
0
0
1680
0
0
0
2864
260
0
0
184
543
0
0
0
0
0
0
0
0
0
776
2406
1215
0
0
0
0
2928
557
0
0
2647
6258
695
2325
0
0
-41924
718
4848
0
3436
0
4738
1524
2772
675
742
50
0
1818
0
0
0
0
0
0
0
0
0
811
0
0
0
0
0
0
0
0
0
0
0
0
0
0
-16071
4567
560
0
184
904
568
3333
1938
0
2693
0
0
571
1472
2903
452
2672
2418
0
544
417
3704
16
536
1145
201
0
0
0
0
0
0
1392
0
0
0
0
0
661
0
0
0
0
0
0
0
0
1080
1766
1019
520
1113
6172
96
6258
-44006
0
0
2952
722
272
4426
2510
776
294
314
1004
2804
397
2056
0
376
225
547
39
2133
0
0
0
0
2364
0
0
0
0
0
0
0
0
0
16
0
349
0
0
0
0
0
0
0
0
0
0
0
0
0
0
0
904
498
629
0
0
0
0
0
0
0
0
0
0
0
0
0
0
0
5456
0
-39579
520
576
3570
590
0
432
0
2350
648
0
0
7230
849
2094
0
0
-13640
0
0
-10032
2596
2340
5096
0
0
-8243
184
3210
1163
1577
2642
2022
2696
0
571
599
1002
80
1804
376
1018
0
0
0
0
0
0
0
0
0
2316
628
37
0
0
0
0
0
0
0
0
0
0
0
0
0
0
0
2578
0
4158
-23759
2979
1002
5184
1114
0
2692
0
0
0
184
3204
0
0
1347
0
0
0
0
0
3750
602
2617
2005
718
1280
174
0
618
1222
2056
3516
1727
1006
0
0
664
0
0
0
0
0
0
0
0
0
599
3065
184
-40151
1002
628
2979
2248
0
0
0
0
870
417
2309
0
0
0
0
331
819
1497
1616
364
0
1623
0
0
0
2217
0
0
0
0
0
0
0
2617
571
880
254
1472
80
1156
870
4862
520
-26500
0
0
0
-24768
612
4080
0
2256
3413
718
3180
600
0
0
0
0
61
184
1445
20076
0
0
0
120
0
0
0
0
0
0
0
0
0
0
0
0
0
0
0
0
872
952
0
0
0
0
0
0
0
0
0
0
0
0
0
0
0
0
0
0
0
0
2393
1390
564
2847
829
2326
1098
970
158
0
152
0
3800
0
0
0
0
0
0
0
0
0
0
0
3101
-46259
5230
6736
2290
1019
3000
533
777
0
0
1938
718
576
2187
0
3388
4855
1888
184
2642
1254
0
870
1570
0
1761
3246
1993
0
0
-20584
0
0
0
0
0
452
3065
520
3180
0
0
0
0
0
0
0
0
819
874
1949
73
78
0
16
1837
1175
0
0
2316
-46650
3065
184
3469
0
870
2979
1782
108
0
0
0
0
1002
628
2248
0
0
0
0
417
277
0
0
0
0
0
4648
-14993
2979
1960
1888
849
268
0
0
0
3331
727
184
2354
0
0
0
0
0
0
0
819
6306
0
776
-23137
2720
560
0
184
904
568
2820
718
7368
1476
0
0
0
1440
2316
1019
1611
612
2586
0
0
3333
1103
0
0
0
0
0
0
0
0
0
0
0
0
0
0
0
0
0
0
0
0
0
0
0
452
1094
0
0
0
0
0
0
0
0
0
0
0
0
-38815
2617
1504
858
1613
0
4700
12
417
240
0
184
2642
1732
0
561
0
1444
144
0
1511
0
0
0
1993
0
2073
0
0
0
5368
564
254
2847
-27217
2777
819
1472
0
537
0
2080
184
2864
1567
0
808
376
225
277
0
0
0
0
0
0
0
0
0
0
0
0
0
0
3065
718
571
412
0
4440
376
78
188
459
2617
1549
1100
870
2980
0
2551
2101
3388
900
725
504
0
330
1427
0
0
-29976
-26634
3392
0
3482
3346
26634
1371
1736
0
0
0
0
0
0
0
0
0
0
0
0
152
184
2022
707
718
272
330
1464
819
527
965
0
276
1200
105
96
0
0
0
0
819
776
3388
718
-40877
0
0
452
2118
1002
2873
618
0
0
0
184
2948
0
0
0
0
0
870
122
0
2340
2316
0
458
0
0
0
0
0
0
0
0
0
0
576
5695
0
-27081
2036
3331
693
0
0
520
870
450
0
2468
0
2979
-26111
4060
571
2574
1777
0
0
880
4736
0
1680
0
0
1092
2032
0
184
543
0
0
0
0
0
0
5025
1215
0
0
0
0
2044
409
0
0
0
0
0
0
0
0
0
0
0
0
0
0
0
4855
2478
5284
2979
1949
608
0
2596
-20879
0
904
0
3376
3331
184
1185
294
568
942
0
668
542
0
0
0
0
0
0
0
0
0
0
0
0
1161
0
0
0
0
0
0
0
0
0
80
225
1928
72
0
0
0
0
184
4158
4024
176
571
3204
0
0
2642
248
0
0
0
80
1575
1075
3331
1437
0
-31469
-34673
2861
0
0
34673
1454
0
0
0
0
0
0
0
464
0
0
0
0
0
0
0
0
0
0
0
0
0
0
1900
204
0
0
0
0
0
0
0
0
0
0
0
0
0
3331
2595
1616
2999
576
3448
0
873
0
96
80
80
599
1057
0
0
-37202
1942
262
0
2005
1922
317
433
0
0
0
0
0
0
0
0
0
0
0
0
0
2316
719
0
135
0
0
0
0
0
0
0
0
0
0
0
0
0
105
98
0
0
0
0
571
1002
215
0
0
497
0
0
0
0
0
0
3331
2595
873
0
96
80
538
0
0
0
-22955
0
0
0
0
592
0
0
0
0
0
0
0
0
0
0
0
2617
2979
2013
215
240
1464
2018
520
870
1760
61
0
0
2292
37
0
0
0
0
0
0
0
0
2617
718
3180
872
0
2972
870
571
880
254
1472
-23015
0
-28872
452
2672
598
0
0
0
2234
0
0
0
3180
0
0
0
184
2642
1878
0
0
23810
293
1906
0
0
0
0
0
0
0
0
0
0
0
0
0
2134
751
80
4862
220
0
0
0
0
0
0
0
1960
758
122
697
1232
0
0
3338
0
0
0
0
0
0
0
0
0
0
0
0
900
819
1294
4062
0
2328
1512
0
-50823
1434
0
0
0
0
870
3388
222
0
0
0
0
0
776
184
3909
80
376
2756
0
0
1317
520
1169
1531
0
0
0
1064
0
0
0
0
0
0
0
0
0
0
0
0
1575
809
0
46
1496
0
0
0
0
0
0
0
80
1804
376
1770
0
-34437
2202
3065
184
571
3909
584
0
0
0
0
0
286
456
0
0
1002
1602
2528
0
0
0
0
0
722
766
383
0
0
0
0
0
0
0
0
0
0
0
0
0
0
0
0
0
0
0
0
0
0
0
0
0
0
0
0
0
718
819
870
776
122
0
-14224
0
0
0
-17490
6680
2835
0
1818
1317
520
7975
0
0
0
2617
2058
0
0
0
0
0
0
0
0
900
1294
3569
0
0
488
0
0
0
0
0
0
5368
2777
-23382
564
254
2847
376
225
1641
0
0
0
576
1024
0
398
3840
290
1580
0
0
1472
0
537
2080
184
1904
0
0
594
0
0
0
0
0
0
0
0
2458
0
0
0
0
0
0
0
0
0
0
0
0
900
0
2274
0
0
0
0
2488
-36733
520
606
1212
0
0
0
184
3210
240
0
2617
432
0
1964
4557
452
800
0
3101
1524
840
0
950
0
0
0
0
0
0
0
0
1883
0
0
0
0
0
904
571
2823
73
78
677
0
0
0
0
0
0
0
0
0
0
0
0
0
1994
1492
85
380
89
0
0
0
0
0
0
0
0
0
0
0
0
0
0
0
0
0
0
0
0
0
0
0
0
0
0
0
0
0
0
0
0
0
0
0
0
0
2948
240
2617
-37075
80
870
96
0
0
722
4879
900
571
874
0
0
4266
1127
0
0
0
0
894
0
0
0
0
0
0
0
760
0
0
0
750
2652
0
0
0
0
3331
2999
872
0
1000
1163
1734
0
3388
4420
1032
0
0
870
1083
2002
0
0
-24046
0
0
0
0
0
0
0
0
0
435
1153
0
577
533
2619
533
1000
577
2036
870
880
2864
1092
600
0
1106
0
0
1737
1953
342
0
0
0
80
4862
520
-28782
0
0
366
0
0
0
0
0
0
0
0
0
0
0
0
0
0
0
0
0
0
0
0
0
0
0
0
0
-21102
176
80
4036
870
1002
1632
520
2772
2823
645
3331
403
0
0
0
0
2364
2306
0
571
0
0
0
0
0
0
0
0
0
0
0
0
0
0
0
0
0
0
0
80
0
0
1080
352
0
0
3504
3210
2197
0
-23977
0
0
0
0
1002
-9277
0
2112
0
628
867
3065
2559
0
4567
1813
870
310
0
0
0
0
904
718
1678
0
0
0
2292
0
1306
276
0
0
0
3333
1938
0
-21351
0
-26723
0
184
904
568
2003
0
0
0
0
80
6303
0
0
22170
2897
5879
80
7230
-21122
870
3346
1804
2596
2340
4700
0
2617
1111
0
0
0
417
4431
819
1092
0
2020
580
0
184
488
6160
369
0
0
0
568
1163
571
599
276
685
3948
78
1554
4500
206
0
3746
0
705
70
270
104
0
494
813
1811
0
0
0
0
0
17
0
0
0
0
0
0
0
0
0
2094
849
0
0
0
1002
-63141
0
0
2316
2224
1728
4855
2248
330
2601
0
0
0
0
0
571
1524
110
3346
632
0
0
0
170
0
0
819
575
0
0
1080
2259
2042
569
0
0
870
465
697
0
0
4019
-33448
0
0
0
0
0
0
538
0
1842
0
0
0
1317
520
495
1016
0
0
2979
900
-15674
1698
1464
3098
0
0
2050
3234
1534
0
0
0
2292
483
3041
4879
904
2278
0
0
0
0
0
0
0
0
0
0
0
339
3388
725
504
0
2010
2400
0
152
2013
442
330
0
0
0
0
0
0
0
0
0
571
1014
0
0
0
0
0
0
0
0
0
0
0
0
0
0
0
0
307
0
0
0
0
0
0
0
0
0
0
0
0
0
0
0
0
0
0
0
0
0
0
0
0
0
0
520
-47835
0
2350
1964
4557
2488
0
3145
2174
2630
0
1002
1632
3950
0
0
956
1095
1575
349
718
819
267
904
176
80
891
2601
606
1212
0
0
8
3210
240
282
0
0
0
0
0
0
0
0
386
0
0
0
0
0
0
0
0
0
0
0
0
0
3331
452
1524
2720
1492
1003
4106
0
0
-39521
0
0
0
-42319
0
4855
2876
2042
0
3065
442
0
0
0
0
0
34588
0
833
0
0
0
0
0
0
0
184
-23908
0
3101
1524
2642
1726
0
0
0
1694
0
0
0
0
1000
574
0
0
2488
0
520
1455
1267
0
4855
3388
870
-11667
1002
1888
184
1835
0
0
290
0
1870
2617
2316
2682
232
308
0
0
2005
2018
0
0
0
795
0
0
653
608
0
0
571
1961
0
0
0
0
0
0
5284
1964
2979
870
576
1892
0
1250
0
0
3098
0
0
-39941
0
-31950
4276
0
0
0
3404
838
0
0
0
0
31950
0
641
0
0
0
0
0
0
0
0
0
0
0
900
534
0
0
0
0
0
0
900
3050
80
285
401
0
0
0
0
0
228
2155
1090
436
0
0
0
0
0
0
0
0
0
0
1002
870
-32141
0
0
-33606
1116
3050
80
819
1845
4156
0
294
0
0
0
33606
0
0
2270
0
0
0
0
0
0
0
0
0
0
0
-16839
3210
2488
0
1518
0
0
0
0
0
0
0
0
0
0
7702
6634
-6627
96
516
1510
80
398
0
0
0
0
0
0
0
0
3209
1397
0
0
0
0
0
0
456
0
3330
0
0
374
0
0
318
0
0
0
0
0
-29705
0
3331
3388
4420
2972
2617
718
2999
315
435
2000
808
1000
1163
1219
0
0
0
0
0
0
0
0
0
0
0
0
0
0
0
0
1092
108
16
571
4080
0
1000
1032
792
0
0
0
0
3180
3389
0
0
0
0
0
0
0
0
0
0
0
870
433
0
0
0
0
0
0
0
0
0
0
0
0
0
0
0
0
0
0
0
0
0
0
0
0
0
0
0
0
0
0
6736
4560
4855
383
0
2074
1736
258
0
870
819
417
1002
630
0
2596
554
1019
2390
0
0
0
0
0
0
0
0
0
0
470
0
0
1333
0
0
0
-42820
0
-37608
0
0
0
3346
2972
507
904
227
3346
80
205
0
0
30783
0
571
184
83
0
0
0
0
0
0
0
0
0
0
0
0
0
0
0
0
0
0
0
0
0
0
0
0
0
0
0
0
0
0
0
0
0
0
0
0
3455
-40302
2595
4124
736
1092
618
2823
2682
2744
-12547
184
2772
80
400
0
3331
2732
0
305
0
92
0
0
0
0
0
78
0
2224
1266
0
0
0
225
3786
0
520
2392
3331
2100
1085
0
0
0
0
0
80
1080
2995
0
278
819
2692
0
0
0
0
0
-25627
0
0
0
0
0
0
0
0
0
-24810
0
0
0
24810
0
0
0
0
0
0
0
0
0
1440
1690
0
0
718
4454
-14467
-12237
0
1611
4103
4024
870
320
819
490
1080
4080
0
5022
-4286
0
0
0
0
0
262
1899
3191
0
16
520
2272
278
819
1429
0
0
0
0
1442
0
0
0
0
0
0
0
0
1597
0
5368
3840
-25789
0
0
0
1002
870
1328
0
6330
417
1721
0
0
1116
2317
0
0
0
0
0
0
0
0
3712
1901
276
870
7230
700
0
0
-28875
0
0
0
0
1488
599
2752
21
0
0
0
184
2005
1079
0
1900
1796
3555
0
2646
205
2266
225
1804
87
628
301
325
0
0
0
0
0
0
0
823
0
0
0
2617
718
265
9168
225
3089
504
272
643
0
2181
4700
-59703
3331
1616
4114
0
1627
0
0
2972
2289
0
0
597
1170
2784
278
80
176
692
0
0
0
0
0
0
0
0
0
0
0
0
0
870
1002
372
0
0
0
0
0
0
0
0
0
0
0
0
0
3872
-28670
533
0
4506
0
0
5368
-1295
0
0
4855
909
804
2777
819
1964
0
0
0
0
564
254
2847
349
0
0
0
0
0
0
0
0
972
0
0
0
571
-30098
2256
2316
870
488
3216
184
2617
5810
3331
444
2999
2179
0
0
0
0
0
0
0
0
0
0
0
2042
0
0
0
0
0
0
0
0
1700
0
0
0
0
650
0
0
0
0
0
0
0
0
0
0
0
0
0
0
0
0
2075
1804
463
1053
0
0
0
0
0
0
835
0
0
0
5284
2979
870
576
1892
0
1674
2328
0
900
-34865
0
0
0
0
643
0
0
480
0
0
0
0
0
0
0
889
0
0
0
0
0
0
0
0
0
0
0
0
0
0
456
0
0
80
2617
1542
1205
184
2823
3331
2732
0
2682
1047
-25601
0
80
376
641
0
0
0
0
213
0
0
0
1752
904
317
352
272
870
138
599
2789
329
0
0
0
1182
0
0
0
0
0
0
0
0
810
0
0
0
0
0
0
0
0
0
0
0
0
0
0
0
0
0
0
0
0
0
0
0
0
1364
452
-24143
904
4078
384
0
0
0
28
0
0
-3738
6982
1804
1102
0
0
0
0
0
0
0
0
0
0
0
0
0
-6800
2979
4080
0
4426
3244
2003
0
0
1488
599
2752
2395
0
0
0
262
520
746
327
0
0
0
0
0
0
0
0
0
0
0
0
2617
718
272
-26343
0
0
0
-34009
0
8160
376
2938
0
0
872
0
2972
262
225
1330
19456
3388
900
725
870
276
0
234
0
0
0
0
0
0
0
0
0
0
0
0
0
286
0
831
0
0
0
0
0
0
0
0
0
0
0
0
722
1760
0
1736
0
0
0
0
0
6982
1617
2979
2642
2022
1402
-21137
-21053
2720
279
0
0
21053
1002
5350
0
0
0
0
0
0
0
0
0
0
0
0
0
0
0
0
172
184
0
1127
0
-23858
195
0
0
0
870
2138
0
324
687
0
0
0
0
0
0
0
0
0
0
0
-11988
599
2979
1651
3405
2925
2156
0
0
1736
0
0
0
0
2617
3317
0
3666
0
0
0
0
0
0
0
-26309
0
3024
426
870
1831
2617
1073
2376
1049
0
2380
2979
2980
259
0
1210
0
0
0
0
0
0
0
0
0
0
0
1000
2979
4036
1577
717
1570
0
956
0
80
2020
-16972
1760
2393
0
0
0
0
0
3210
1163
3065
184
-19832
4862
391
0
2488
0
819
2998
0
139
0
904
571
5686
1804
770
852
870
2705
0
274
1019
718
225
0
0
1758
0
0
0
3951
2041
0
0
1002
1307
0
0
0
0
0
0
0
0
0
0
0
0
0
0
0
0
0
8
4186
0
0
0
0
0
0
0
0
0
0
0
904
571
184
3210
1002
2429
0
2617
1463
0
3172
2823
568
3120
314
0
0
-55292
3064
0
0
272
870
456
0
80
352
1008
305
0
0
5600
200
0
0
0
0
0
0
0
0
0
599
1524
1582
887
755
104
0
376
727
1188
2900
1260
1069
0
0
0
0
30
488
915
452
250
0
0
0
2013
166
0
0
0
0
0
0
0
0
0
0
0
0
0
0
0
0
0
0
0
0
0
0
0
0
0
0
0
0
0
0
0
0
0
0
0
0
0
0
0
0
0
0
0
0
0
0
0
0
1004
380
0
0
0
0
0
0
0
0
0
0
0
0
0
4950
1760
2972
80
2551
563
0
0
0
60
2062
0
140
0
0
96
226
0
-52883
0
0
-49871
4292
4567
2979
1002
45579
0
0
2041
272
582
1159
540
0
0
0
0
14
0
0
0
0
0
0
0
0
0
0
4426
-27186
718
5728
2005
2979
1103
0
0
80
722
4879
2617
-17761
0
1256
296
0
3909
2859
870
3101
819
202
0
0
0
0
2288
70
589
120
568
374
0
0
0
0
0
96
133
0
0
0
0
0
0
0
2328
0
184
2350
0
0
0
0
0
0
0
0
0
0
0
-26537
2772
898
278
819
3065
320
0
0
0
0
0
0
776
452
485
0
0
0
0
0
0
0
0
0
0
0
0
0
0
0
0
0
0
0
0
0
0
0
0
0
0
0
452
2672
5484
2617
2646
-10068
0
0
1150
1510
1611
2767
0
0
819
4277
0
0
0
0
0
0
0
0
0
0
0
0
0
0
0
0
0
0
1232
0
869
0
0
0
0
4080
0
-33386
2340
3868
3050
2617
80
819
1805
1698
1464
639
2395
1633
1002
129
184
1078
272
722
2422
2457
507
0
571
1611
3372
612
870
1885
0
0
0
0
0
0
0
0
0
0
0
0
2075
1804
467
0
0
0
0
0
0
0
0
0
0
0
255
2784
39
195
872
520
254
589
2258
1121
1744
2308
172
589
1654
1146
0
0
1220
0
0
0
0
0
0
0
0
1708
0
0
0
0
0
0
0
6982
1617
2979
-59432
184
0
0
0
2458
1411
0
3065
1804
80
2523
0
0
742
0
0
2617
400
-32631
520
15
0
80
4424
3331
184
1630
2544
970
2311
1524
890
600
-13201
98
0
0
870
718
819
2617
4653
776
122
0
767
0
-7305
520
3469
0
2979
3908
0
0
0
456
0
0
80
480
0
0
571
235
1616
150
0
4706
0
484
0
0
904
176
2803
628
423
0
0
0
0
0
0
0
0
0
764
0
0
0
0
0
0
0
0
0
1825
0
2900
0
1187
0
0
2256
822
57
1504
4586
269
489
0
3210
4444
0
738
0
-40060
0
0
618
4738
-13630
718
4848
0
2688
0
792
0
0
1840
0
0
0
0
0
0
0
0
7702
1019
1617
2478
664
870
0
0
2595
736
124
0
520
3101
469
2952
417
718
-16947
176
80
1360
254
0
0
0
0
0
0
0
0
0
0
0
0
0
0
8
1120
900
1846
2377
955
0
3331
4058
1002
80
599
571
819
1240
0
0
0
0
0
0
-36781
-42859
2041
1549
8
0
37325
184
4855
870
485
0
0
0
2971
495
0
0
0
0
0
0
0
0
0
0
0
0
0
1036
0
0
0
0
0
0
0
1698
-19973
150
0
597
2823
73
2224
80
0
0
0
722
878
0
0
571
3180
688
1163
80
1643
0
0
0
0
0
0
0
0
0
0
0
0
0
0
0
0
0
0
-16152
719
0
0
0
0
0
0
1400
0
-8319
0
1572
0
80
1759
1163
819
1611
5603
1011
0
0
0
240
0
0
1464
2929
1575
810
1092
108
0
870
2138
324
3477
1261
1434
1314
343
0
0
0
0
0
716
1298
0
0
0
0
1602
253
0
0
0
0
0
0
0
0
0
0
0
0
872
0
814
0
0
0
0
184
860
0
3000
873
1512
-44340
3180
2617
87
1839
0
0
2587
1017
0
870
2804
596
0
0
2140
0
949
0
0
-17381
5484
18
1002
2972
1960
1150
3456
0
0
0
0
5547
419
1524
646
0
2600
0
0
0
452
783
2005
971
0
0
0
0
1399
32
549
2496
0
872
0
2000
944
290
0
262
0
718
546
0
0
0
0
0
0
0
153
2327
323
0
0
0
0
0
0
0
0
0
2036
2864
1092
600
0
2340
816
2819
870
880
278
-40060
0
0
0
256
0
1737
139
0
0
0
0
0
0
0
0
0
383
4080
0
520
2392
819
752
0
0
0
0
0
0
0
0
0
0
0
0
0
0
0
718
819
870
776
122
0
2617
4288
150
0
4706
0
2005
2443
0
573
-27957
32
2176
0
0
0
0
0
870
1375
0
6330
2979
1504
1916
0
192
0
272
722
2422
1862
0
0
0
0
0
-20377
0
0
0
0
0
0
0
80
1654
0
2979
-28401
-27534
150
0
1981
27384
1000
412
0
0
8440
597
2823
73
2682
2627
80
400
0
78
0
-12516
0
0
0
0
2364
6296
0
1597
0
2015
0
2338
0
0
2316
276
0
0
0
0
0
0
0
0
0
0
0
0
0
0
0
0
0
0
0
0
0
-27055
571
4080
0
2256
1634
1590
0
0
872
0
315
4491
520
2617
2424
262
616
0
0
1650
80
796
0
718
1019
1654
139
-25520
1839
3101
2578
0
3720
0
0
0
0
0
0
184
2199
0
0
0
0
80
1000
-12757
1120
1760
1859
3394
1698
1238
4080
0
1524
0
599
540
0
0
0
0
0
0
0
0
0
0
0
0
0
0
0
0
0
0
0
0
876
0
0
0
0
0
0
5299
-25816
3000
3101
2979
119
3727
3331
2039
0
923
0
0
0
0
0
0
0
0
541
0
0
0
533
0
0
7330
3436
436
533
2617
718
-36455
0
2972
3180
4706
0
2005
2337
0
0
3331
3388
2313
4950
272
2300
0
0
0
0
671
0
0
0
0
0
0
0
0
0
0
0
0
0
0
0
0
0
0
0
0
0
0
0
0
0
0
0
0
0
84
1096
509
642
725
504
1195
225
199
907
0
1094
210
184
1853
0
0
0
0
0
0
0
0
0
0
0
0
0
0
0
0
4855
870
294
2292
1760
150
0
0
1554
0
0
0
0
0
0
1928
1425
1737
0
0
0
417
7216
-45179
1185
1093
1652
0
0
0
0
0
0
0
0
0
0
0
0
1156
0
0
0
0
0
0
0
0
0
0
0
0
0
0
0
0
232
870
-25734
540
2150
4315
2197
7294
172
1524
6172
4855
3664
-6330
0
686
2116
0
1196
0
0
2188
0
3388
3331
608
2523
1570
4250
0
819
2772
2042
0
0
355
0
0
0
0
0
0
0
456
0
-32643
568
0
0
0
0
0
0
872
0
205
0
0
0
0
0
0
0
0
0
0
0
0
0
0
6125
4250
0
568
681
429
571
2256
5603
727
1019
272
-33588
0
599
1524
1582
0
3011
0
0
0
0
0
0
30
250
722
744
190
0
1007
0
0
0
0
0
0
0
0
0
871
0
0
0
0
0
0
0
0
1265
1331
0
0
0
0
0
0
0
0
0
0
0
6010
1656
987
250
30
1609
-35789
2418
0
0
561
4058
1000
1792
1111
0
0
0
0
0
0
0
0
0
0
0
452
-7685
1698
1464
780
238
0
0
2772
1380
208
0
0
0
0
2256
1634
1837
0
195
722
2282
162
0
2400
799
0
5184
2617
192
607
0
0
0
0
2979
-28469
0
0
105
60
571
1634
0
0
0
0
0
0
0
0
0
0
0
0
0
0
5803
1700
0
844
105
16
-23447
0
3388
452
2560
0
0
0
0
0
0
0
0
0
0
0
80
3909
-2017
-3035
2617
202
0
0
0
0
2288
70
589
1524
568
896
0
0
1760
2006
0
0
2721
1804
376
1770
0
0
2202
584
0
0
0
0
0
286
456
0
0
946
359
0
0
0
0
0
0
0
0
0
599
1079
118
1000
2020
3392
0
0
0
0
0
0
0
0
0
0
0
0
44
0
0
0
0
0
0
0
0
0
0
0
0
571
184
2256
-29777
2075
4826
0
0
0
0
2316
870
488
2225
0
0
0
0
0
0
2979
1504
1916
0
2191
0
870
1375
0
4346
2646
0
1984
1092
1539
1777
-23760
0
0
0
0
0
0
0
0
-21855
0
0
0
1952
0
0
0
0
21855
0
0
0
0
0
0
0
0
9026
1019
718
3000
3634
576
-23348
0
0
0
520
618
2823
567
0
872
0
0
0
96
686
0
262
2340
1478
606
1212
0
0
150
0
0
0
0
0
0
0
0
689
0
0
0
0
0
0
0
0
0
0
0
0
0
0
-20968
2952
1859
1109
639
1660
1905
0
0
1600
2036
1483
0
0
0
0
0
0
0
1316
201
1782
0
3436
624
0
0
0
0
0
1654
2903
592
36
50
417
560
0
0
1477
0
0
0
0
0
0
0
0
0
0
0
0
785
80
721
381
0
6330
-44042
2670
2617
375
0
495
1375
0
719
0
0
0
0
2979
1504
1711
0
0
0
0
0
0
0
0
0
0
-42326
0
2720
2036
4065
1094
0
0
0
205
0
192
0
272
722
2422
2457
1760
0
1293
225
763
0
0
6208
1219
3968
0
353
0
1022
1330
718
7282
0
0
0
0
0
0
0
0
0
0
0
0
0
0
0
0
0
0
2903
417
-22303
0
718
4848
0
79
4855
3021
0
105
0
0
0
0
0
0
0
0
0
0
3388
872
0
2000
1032
0
0
0
2299
4041
0
0
0
-14436
3246
18
215
0
0
278
-19690
0
0
2224
2760
0
0
0
2772
68
2740
0
239
2524
445
0
2036
2864
1092
600
0
888
0
900
2979
-14725
0
870
2617
3388
725
504
0
152
0
2491
0
0
0
0
0
0
0
0
0
0
0
0
0
607
0
0
2050
3082
576
1110
0
2110
290
0
0
0
782
0
0
0
0
0
0
0
0
0
0
0
0
0
0
0
0
0
0
0
0
0
0
1660
0
0
0
0
0
5284
4855
2224
1611
417
722
3376
1525
0
0
2292
432
1806
350
127
-32149
0
0
0
0
0
1964
836
0
49
2018
0
0
0
0
2979
870
309
0
0
0
0
0
0
0
0
0
0
0
0
0
2617
1549
-26802
900
725
504
0
1100
870
2488
0
718
272
330
1698
1464
819
527
0
0
0
0
492
0
2823
73
3314
0
872
0
2858
136
2772
852
0
0
2551
733
1757
0
2627
0
0
0
0
2630
0
0
0
0
0
0
-29258
1235
5483
2488
0
78
0
520
982
196
80
2338
2316
2224
184
3490
1774
0
0
2553
1002
2315
0
0
0
0
0
0
0
0
0
0
0
0
0
0
0
0
0
2979
870
1000
1792
1570
0
0
2042
642
0
3750
3180
1570
1047
1105
3163
452
1427
0
0
-44611
0
3687
718
581
0
706
0
0
0
0
-30213
0
2784
4700
278
80
901
0
819
2288
70
589
1524
568
2617
1095
0
0
0
2005
1455
718
270
0
776
3121
2772
898
693
0
0
767
0
3310
629
0
871
0
0
0
0
0
0
0
196
0
0
0
0
0
0
0
0
0
0
0
0
0
272
819
2300
-44882
2880
0
0
0
0
2340
2117
0
0
2952
-8869
718
4848
0
2660
2340
4178
354
0
0
1922
0
0
0
0
0
0
0
0
0
0
0
900
394
0
0
0
0
4740
2660
900
394
1554
2340
7164
961
0
639
2318
-30919
-30525
66
2596
2328
1512
0
2330
24023
1888
2551
289
1026
3210
-23960
1163
3065
184
4202
1792
4224
0
1187
83
0
0
0
0
0
0
0
0
0
0
0
0
0
0
0
0
0
0
0
0
0
571
1303
0
0
0
0
0
870
1263
0
0
0
0
0
0
870
456
0
0
80
5284
616
0
0
0
2617
2843
0
-18539
0
0
0
0
0
0
0
-16363
0
0
-19333
20364
0
718
819
4041
2900
0
4494
2360
0
0
4855
417
7216
4589
0
0
465
78
1184
-17020
0
0
0
970
1524
50
0
1320
294
5865
973
0
0
2292
524
0
0
0
0
0
0
0
0
0
0
0
0
1317
520
870
900
819
1294
2750
0
0
0
0
1575
701
108
0
2036
472
0
0
0
0
0
0
-30608
718
776
122
0
2145
1073
2376
878
0
0
0
7294
-16566
4567
172
1053
0
3712
130
3388
2540
0
441
1472
819
2256
184
256
0
0
0
0
0
4459
1847
776
849
0
0
0
0
0
0
0
0
6982
1617
473
1524
2720
-36417
6330
829
599
889
0
0
0
0
681
355
3346
0
0
0
0
0
1800
948
0
0
0
0
0
0
-27232
0
1616
6050
176
80
4036
1080
2259
91
0
0
0
0
332
0
0
0
0
0
0
0
0
0
0
0
0
0
-20723
0
1905
0
0
0
2328
0
0
0
0
0
0
0
0
0
0
0
0
0
0
0
3180
2617
2979
2422
87
4426
1091
1050
571
1163
80
1835
-5527
0
0
1837
0
0
718
598
819
95
0
2054
0
0
0
0
0
0
0
0
0
0
0
0
0
0
0
872
0
1207
0
0
0
0
0
0
0
0
0
0
0
0
0
0
0
0
0
0
1510
568
-26229
870
2979
2005
625
2400
904
80
1174
0
0
0
5494
2672
2551
951
0
0
0
0
0
1002
696
0
0
0
0
0
0
3515
38
0
0
0
0
0
0
0
0
0
0
0
0
0
0
0
0
0
0
819
776
452
5368
-35184
0
0
0
975
0
2527
1474
0
780
4448
0
376
2224
3376
0
0
0
0
0
0
0
0
0
0
0
704
0
0
0
0
0
0
0
4738
4431
-24423
2617
618
1524
870
2138
0
324
80
1434
1455
718
2784
184
1472
0
985
1019
1384
0
0
0
0
0
2041
0
0
0
0
0
0
65
0
0
0
0
0
0
0
0
0
0
0
0
1160
0
568
757
0
0
0
0
0
0
0
0
0
0
1230
0
0
2617
3331
2595
-31650
0
0
0
520
870
1760
873
0
96
80
903
22
4093
0
497
0
0
452
432
0
1257
0
0
0
0
0
0
0
0
0
0
0
538
0
1616
421
0
0
0
0
0
0
0
0
0
0
0
0
0
0
0
456
0
80
4924
0
0
0
0
3210
2488
0
-28187
2979
1389
1575
1163
3065
184
858
520
2121
1484
0
0
606
546
0
0
0
0
0
0
0
0
0
0
352
0
4584
80
391
0
0
0
0
0
0
0
0
0
0
0
0
0
0
0
0
0
0
0
0
0
0
2979
-21751
3333
1100
0
3101
257
2617
2740
0
0
80
1597
0
376
0
2005
718
1021
0
0
0
2231
1845
146
368
0
0
0
0
0
509
0
0
819
3481
0
0
0
0
0
0
0
0
0
0
0
0
0
3560
2740
245
30
116
1964
4862
520
2174
2979
5284
1163
-40662
0
0
0
432
2350
2840
1146
194
0
0
0
267
1933
1831
0
0
0
576
380
0
0
0
0
0
0
0
0
0
0
0
0
1080
6050
-31957
0
2259
696
0
0
0
0
39
0
929
0
352
0
0
3210
1022
0
0
0
0
0
0
4855
2599
819
2998
0
2912
944
3065
742
0
-14599
0
3388
441
0
0
0
0
0
0
0
0
776
184
80
376
670
0
0
0
0
0
0
0
0
0
0
0
0
0
0
0
0
0
0
0
0
0
6982
3065
1804
-28656
0
0
2523
0
0
2340
2160
227
0
0
1232
0
870
2174
365
0
0
0
0
0
0
1506
0
0
0
0
0
0
0
0
0
0
0
0
0
568
2005
625
0
2400
1510
904
-21035
6050
720
0
1002
819
1141
0
0
0
1019
0
0
0
0
0
0
0
0
0
0
0
0
5484
-26309
452
1928
18
2780
1163
0
0
0
2387
944
2054
290
0
0
0
385
0
0
0
0
2617
324
0
0
0
0
0
0
0
0
-19302
2720
5280
3331
681
2316
4858
324
0
1944
571
1002
718
3607
272
538
2263
0
0
0
0
1836
0
1239
0
0
0
0
0
0
0
0
0
0
0
0
0
0
0
0
0
0
2288
172
-35024
80
4296
3024
1928
589
1524
165
338
0
-7396
7326
5686
1779
0
2823
73
3712
0
0
0
146
0
0
30
0
520
303
25
576
1264
322
96
1575
622
617
0
0
0
0
0
0
0
0
0
0
0
6570
5920
146
30
6982
172
1617
187
1744
0
0
722
282
2574
3510
-37759
0
0
0
0
0
0
571
1746
0
272
2256
4584
-24094
-22564
0
904
184
5904
376
780
0
0
22564
599
125
1002
2429
0
2617
927
0
0
0
0
0
0
0
0
0
0
0
0
0
0
0
0
2979
-20432
1002
560
0
0
0
0
628
376
0
2005
718
186
0
0
0
259
851
1206
870
1616
778
0
599
973
0
-17108
456
0
0
80
1825
0
2900
0
4494
904
571
184
3210
5284
616
0
0
0
0
84
0
0
2533
400
3909
1804
376
1770
0
0
331
0
0
0
0
0
0
1002
883
0
0
0
0
0
0
0
0
0
0
0
0
0
0
0
0
0
0
0
0
0
0
520
99
0
775
55
7702
520
2042
1528
0
2952
1019
-39897
0
0
1964
1163
191
0
0
0
0
0
1256
248
272
0
0
2224
68
0
2075
1637
0
1070
145
0
0
0
0
0
320
900
394
0
0
0
0
0
718
648
2551
-29808
1092
2446
2034
3948
1760
2617
1549
1988
452
2672
1510
4070
0
0
0
0
2323
979
0
0
0
0
0
0
0
0
0
0
0
0
0
0
0
0
0
0
0
870
7230
3346
2617
1796
276
3331
325
-25082
4557
10
0
3909
80
324
2684
0
714
0
0
580
612
2041
3200
0
0
0
0
0
0
568
1120
42
0
0
0
0
0
512
1447
2000
42
0
939
0
291
0
0
0
643
0
645
0
0
0
0
0
0
0
0
0
0
0
0
0
0
7936
3247
1730
276
-69169
417
184
376
5368
225
179
1345
0
2589
0
4630
438
2076
0
0
102
0
0
-16901
0
80
3454
1400
0
722
2026
0
376
914
0
0
0
0
0
0
870
2138
0
324
3232
1163
819
1611
1509
0
0
0
0
0
0
0
0
0
0
0
0
0
0
0
0
0
0
0
2360
0
0
0
0
0
0
0
0
0
0
0
0
5904
-19155
0
904
268
498
3210
352
272
870
138
1002
1778
0
0
0
0
0
0
0
0
0
0
0
0
0
0
0
0
0
0
98
0
0
0
0
0
-12983
0
0
2036
2979
819
4060
571
870
2574
907
0
0
0
880
4736
0
0
0
346
0
0
0
0
0
0
0
0
0
0
0
0
0
0
0
0
0
0
0
0
0
0
0
0
0
0
0
0
494
0
0
0
0
0
0
0
0
0
0
0
0
0
0
0
0
2617
-20334
2972
503
520
1760
2755
452
400
432
0
1398
0
0
0
320
2238
0
0
0
0
0
0
0
4060
-18203
1488
599
665
0
0
0
2979
819
571
1698
1464
4080
0
244
576
2043
0
0
0
0
0
0
0
0
0
0
0
0
0
0
0
0
0
0
0
0
0
0
0
0
0
0
0
0
0
0
0
0
0
0
0
3333
-19892
0
80
1938
0
509
0
0
0
819
4567
546
0
0
0
0
184
1582
0
0
0
0
0
2979
2617
1964
3101
1919
0
-15980
733
0
0
0
236
0
0
0
0
184
2864
543
0
0
2488
0
520
800
0
467
1212
0
0
0
1762
0
0
0
0
2312
0
0
0
0
0
0
0
0
0
0
3210
6172
3134
1504
4586
269
2979
-22901
0
489
635
171
0
870
1771
0
0
0
0
2340
7230
1554
-26357
4500
1796
1019
639
961
2957
262
3050
251
2370
535
80
184
2022
2085
3570
872
870
500
0
900
0
0
0
0
1691
81
0
0
0
0
0
0
0
0
0
0
0
0
0
0
0
0
0
0
0
0
0
0
0
0
5762
213
2558
0
0
0
0
0
1441
2979
2121
4855
-56896
73
240
0
0
3376
376
2005
718
415
3247
753
1002
2418
819
1286
0
0
0
496
2214
0
0
0
0
0
0
0
0
0
2531
0
0
0
0
0
0
0
0
0
0
0
0
0
0
0
0
0
0
0
0
0
0
0
3842
-28834
571
909
0
0
0
1050
0
0
0
0
0
0
0
0
0
870
3388
3331
3246
3119
0
1640
-13892
4156
0
2810
2124
0
0
900
819
1294
1467
0
0
0
0
3612
0
0
0
0
0
576
284
1019
343
624
2129
0
0
0
0
2617
4426
2594
6982
-37751
4420
2206
571
0
0
0
2468
0
0
0
0
0
0
0
3210
80
599
2045
0
0
0
0
0
0
0
0
0
0
0
0
2041
1563
0
0
0
7702
-31874
4892
2979
96
516
262
1268
0
0
0
0
0
0
0
0
0
0
0
0
0
184
1657
0
0
0
0
0
0
0
852
0
0
0
0
0
0
0
0
0
3331
2100
2764
0
1002
2999
517
80
599
571
2789
23
0
0
0
0
0
-24356
0
6212
3024
697
8891
0
184
1230
0
0
0
0
0
0
0
600
849
2256
3560
1528
0
0
0
1831
1817
69
899
0
0
1080
1019
278
560
170
0
0
0
0
0
0
1543
0
0
0
0
417
0
0
0
0
0
0
0
0
0
0
0
0
0
0
0
0
870
7230
1130
3909
80
-51219
3712
1901
276
1796
2979
1002
1435
2595
0
643
0
0
1488
599
181
0
0
0
0
0
0
0
0
0
0
0
0
0
0
80
2364
7702
2823
184
1575
1075
1048
2617
4080
819
2284
-35974
2682
2627
400
0
73
0
4036
3010
0
2468
0
0
0
0
0
0
0
78
57
0
0
0
465
249
0
0
0
0
0
0
0
0
0
0
0
-38510
819
1400
0
2340
2625
0
0
1572
0
80
944
0
0
0
0
0
0
0
0
0
0
0
0
0
0
0
0
0
0
0
0
0
0
0
0
0
0
0
0
4567
571
-12716
7294
2256
184
205
819
560
0
904
568
2419
4541
1882
2257
1938
0
2467
0
0
0
0
0
0
0
0
0
0
0
0
0
0
0
0
0
80
3909
-27718
0
0
0
0
0
584
0
0
0
0
0
286
456
0
0
722
2811
0
0
0
0
0
0
0
0
0
0
0
0
0
0
0
0
0
0
0
1825
0
718
819
2617
1549
0
0
0
0
0
0
0
4058
-23562
2979
3331
1002
4158
1000
761
0
0
0
0
0
0
0
0
0
0
896
599
571
819
424
0
0
0
0
0
0
423
0
0
0
0
904
5600
1002
568
1364
452
2132
-17661
870
3426
784
0
0
744
0
0
0
205
0
0
571
184
3109
0
0
0
0
0
0
0
0
0
0
0
0
0
384
0
0
28
0
0
2979
184
2642
2022
4943
2617
-20893
4820
596
870
3101
8
167
0
1648
0
0
80
819
2887
0
2084
96
66
0
0
0
0
0
0
0
0
0
2224
5284
-37423
2292
432
3100
1002
4855
870
2784
4700
278
80
928
139
722
900
0
0
0
0
73
5845
0
2005
945
1640
0
0
0
0
131
0
0
0
0
0
0
0
0
0
0
0
0
231
15
0
0
0
0
0
0
0
0
31
0
0
0
0
0
0
0
0
0
0
1200
0
0
0
-37438
0
-41191
4855
870
4192
0
0
0
1400
0
718
4386
0
0
0
36336
0
1486
0
0
0
0
0
0
0
0
0
0
0
0
0
0
0
0
0
0
0
0
0
0
0
0
0
0
2617
452
903
22
3615
0
0
0
0
0
520
870
1760
1647
0
0
0
-14960
0
819
236
0
0
0
0
432
0
1398
0
0
0
320
803
0
0
0
0
0
0
0
0
1524
1000
6982
1412
3855
-11029
0
750
0
0
1376
0
0
0
0
2523
0
43
65
0
800
2298
294
252
1698
1464
3169
0
0
3180
239
0
0
0
0
0
0
0
0
0
0
0
0
0
2864
1092
2446
4830
2551
3101
3948
982
-37113
0
0
-38594
184
1146
38594
0
0
955
0
0
0
0
0
0
0
0
0
0
0
1833
819
472
244
0
0
1308
1716
0
872
315
13
0
0
0
0
0
0
0
0
278
-27023
-31691
0
0
0
2340
816
3075
25460
639
4080
0
520
2392
819
875
0
0
0
0
767
0
0
2224
2760
0
0
0
1451
0
0
0
0
1698
1464
4080
0
1524
4060
3340
2574
1059
0
0
0
0
0
262
1455
399
0
80
2020
1000
3807
0
0
-25709
-23189
3426
23189
2906
1120
1
1796
184
433
0
0
0
0
0
0
0
0
0
0
0
0
0
0
0
0
0
0
0
0
0
0
0
0
0
0
0
0
0
0
0
0
0
0
0
0
0
0
0
0
0
0
1440
2316
4224
0
1611
3367
4024
870
320
819
1635
0
0
-36804
0
0
1081
0
0
0
16
720
0
2250
184
1177
4802
831
776
560
0
568
488
185
0
0
0
0
555
0
0
-33803
819
2843
0
0
3065
184
571
776
693
0
0
0
0
0
0
0
0
0
80
1804
136
1084
0
0
0
0
0
0
0
0
718
870
272
2617
2772
645
0
9026
1019
1185
870
-15939
0
0
-13556
2340
718
3000
3634
576
1092
0
0
4648
184
1585
0
0
0
11216
0
0
646
0
0
0
0
0
0
0
0
0
0
0
0
0
0
0
18
0
1667
2488
-37098
184
520
800
0
3101
1524
1455
2617
1964
606
1212
0
0
0
1623
0
0
0
0
121
0
0
0
0
0
0
0
0
0
0
0
3443
0
82
0
0
0
0
0
0
0
0
0
0
0
-18690
4080
0
80
571
262
1216
0
39
0
2172
968
795
3098
0
0
3293
352
0
0
0
0
0
1829
0
0
0
0
0
0
0
0
0
0
0
0
0
0
1848
427
184
2081
1134
2360
2377
0
0
0
0
0
0
0
0
0
0
0
0
0
0
0
0
0
0
0
0
0
0
0
0
0
0
0
0
0
0
0
0
0
0
0
1002
-31312
870
1616
1632
520
568
2429
0
718
819
591
0
0
0
0
0
0
0
0
0
0
0
0
0
0
0
0
0
0
636
1760
0
0
0
0
1487
0
0
47
0
0
0
0
0
0
0
0
0
0
0
0
0
0
0
1928
0
0
0
0
0
0
0
0
0
0
423
0
0
0
2979
-11154
2617
3247
5368
225
452
3101
955
870
599
3426
1554
2103
0
0
180
0
0
0
0
0
0
0
0
0
0
0
80
1403
0
1000
412
0
0
130
0
0
0
0
0
0
0
0
0
0
0
0
0
0
0
0
0
0
0
0
0
0
0
0
0
0
0
0
0
0
0
0
0
0
597
0
0
0
-37774
2617
520
870
1760
269
0
272
2617
-6356
5904
376
268
225
686
4630
65
0
722
875
0
0
0
0
0
0
0
0
0
718
819
281
2772
898
278
1002
1232
0
0
0
0
0
0
0
0
0
0
0
0
0
0
0
0
0
0
0
0
2772
2823
1698
1464
718
2729
0
596
0
41
0
990
0
0
0
0
1616
3753
-20970
2777
376
5368
225
179
519
176
3330
0
0
0
0
0
0
0
208
190
1019
8
949
0
0
0
0
0
0
0
0
819
870
1092
0
0
18
412
0
544
0
943
-40564
0
3101
819
2035
0
2808
0
0
0
0
0
1472
0
900
582
760
0
0
0
750
2044
0
0
0
0
0
3331
4114
0
2224
876
4700
4855
80
1760
1616
2453
0
0
240
0
1464
-14490
0
0
0
0
0
0
0
0
0
1185
3141
1579
819
76
0
0
0
0
0
0
0
0
0
0
0
0
0
2756
0
0
0
0
0
0
0
571
716
1524
1174
0
0
1671
208
0
0
0
0
0
0
0
0
0
0
0
417
48
0
0
0
0
0
0
0
3024
1928
-46707
2288
172
6330
417
80
538
870
1580
1423
0
0
589
1524
165
262
0
210
0
0
0
0
0
0
0
0
0
0
0
0
0
0
0
2036
6
0
0
0
0
0
0
0
0
0
0
0
0
0
0
0
3065
1047
254
3807
-23442
1570
571
880
508
0
0
0
571
3216
2256
184
-2276
3050
3248
0
0
1128
0
0
3065
1490
0
2316
870
488
1558
0
0
0
0
0
1002
80
1804
376
280
225
1265
157
0
0
0
0
7250
2400
2140
3376
5284
1386
2979
3469
-48942
0
0
96
2360
2344
2121
1117
870
2138
0
1362
80
122
0
0
0
0
0
0
0
0
0
0
0
0
0
374
2880
0
0
0
-42055
1504
3331
1930
1464
1200
0
2140
220
0
0
0
0
0
819
716
2574
1213
0
0
0
0
0
0
0
571
767
23826
0
0
0
0
0
0
0
0
0
0
0
0
0
0
0
0
0
0
0
0
0
0
0
0
0
0
0
0
0
0
0
0
0
0
0
0
0
2972
-28447
2617
718
1960
3943
872
0
3180
2224
0
0
0
0
0
0
0
0
0
0
0
0
0
0
819
2340
6693
537
776
1163
376
578
0
0
272
-15397
0
417
3475
0
0
0
3061
0
3210
35
0
1376
0
1343
225
263
1092
1208
722
151
0
0
0
0
0
0
0
0
0
0
2979
2121
3965
3376
496
1964
2438
3290
0
0
-34636
0
22
890
606
0
870
1846
1364
0
0
0
768
0
0
0
0
0
1000
466
0
0
0
0
0
0
0
0
0
0
0
0
0
0
0
0
4855
1524
5368
3331
804
5238
718
5570
452
2672
3335
0
0
1928
105
0
0
-26128
2720
836
0
167
600
2418
0
0
229
0
0
0
0
0
0
0
0
0
417
2127
98
0
970
0
0
0
0
2864
1092
2436
-52434
2979
145
0
0
244
0
0
1504
1019
897
2191
0
870
1375
0
488
0
0
2256
1634
1837
0
195
-12624
0
0
0
452
4648
1698
1464
780
79
0
0
0
0
0
0
0
0
0
0
0
0
0
0
0
819
776
184
3909
80
376
2756
0
0
2998
0
3210
944
946
3101
2617
-10559
0
-19011
535
718
544
417
3704
2281
0
11853
4062
76
0
0
0
0
0
0
0
0
0
0
0
0
0
0
0
0
0
0
0
1002
2258
0
425
1019
1461
0
0
0
0
0
0
0
0
1434
0
900
0
0
0
0
0
762
0
0
0
0
0
0
0
0
0
269
15
0
0
0
560
498
1491
922
0
452
3331
1492
2527
449
-48776
6797
0
0
0
1549
0
0
0
0
2229
259
819
1506
0
520
80
526
0
0
0
0
0
0
439
0
0
0
0
0
0
0
0
0
0
0
0
-18137
320
4855
465
417
103
0
0
0
0
0
0
520
4240
-5175
0
-10747
1964
3462
2488
3746
1575
701
2833
0
2792
417
0
0
0
2261
0
0
1804
576
376
2256
-25154
571
4855
1952
1837
0
195
1858
0
0
0
0
0
2129
0
0
0
0
0
0
0
0
0
0
0
7830
1776
2700
480
3065
184
571
1002
-21263
0
-28069
-22599
225
7487
2202
1602
3216
2256
2211
406
5184
21343
1804
14887
819
2843
0
2218
1726
0
0
0
0
0
0
0
0
0
0
0
0
0
0
0
0
0
0
42
0
0
0
0
0
0
0
0
0
0
0
0
2720
0
0
0
0
0
0
0
0
0
0
870
1002
1616
1632
520
718
819
2617
4653
904
-36121
80
2723
628
2636
0
432
0
1964
4557
18
31
3356
27
0
0
0
0
0
0
0
0
0
0
0
0
0
0
0
0
0
32
2429
1568
0
0
0
0
0
636
343
1417
0
0
0
3
0
0
0
0
0
0
0
0
0
0
0
0
0
0
0
0
2823
73
2224
-34713
4410
2300
0
2316
1600
3065
210
413
0
0
0
0
594
0
0
0
1698
1464
150
0
2198
2292
2744
0
107
235
1267
366
1522
0
0
0
0
0
0
3142
2478
2979
-37692
2617
1200
0
0
2617
1813
5184
-12489
571
2993
0
0
4858
942
0
0
2740
0
1648
2862
0
0
0
3065
184
1002
80
1804
376
805
0
0
0
0
0
0
1611
5683
2617
1698
1464
-32932
4080
0
16
154
571
880
254
366
1400
0
2772
1100
0
900
1766
0
1524
4896
262
355
2660
1339
172
1400
0
0
0
0
0
0
0
733
3996
0
240
1856
0
0
0
0
0
0
0
3065
718
819
281
272
2617
-43707
0
278
1002
1939
0
0
0
0
0
0
0
1332
0
0
0
3107
376
225
664
739
0
320
0
0
0
0
0
2843
184
2218
2860
0
0
0
0
0
0
0
0
0
0
0
0
0
0
0
0
0
0
0
1048
80
519
0
0
0
0
0
0
0
0
7230
417
4431
819
1092
0
2020
4855
1840
2574
725
0
0
0
0
0
0
2698
0
0
0
0
2340
307
-28876
963
0
0
0
0
0
0
0
0
0
0
0
0
568
552
0
0
0
0
0
0
0
232
0
0
0
80
1000
639
1760
2569
0
0
0
0
0
0
9541
1120
232
417
876
725
0
0
0
0
878
4426
746
-53669
465
5865
1527
0
544
417
5950
800
2617
320
184
870
731
0
0
0
0
0
0
0
1760
376
3547
0
0
0
0
0
0
0
0
0
0
0
0
0
0
0
0
452
432
259
0
0
0
0
0
0
0
0
0
0
870
-31748
599
3065
184
1623
0
0
0
1188
0
0
1279
0
0
0
0
0
0
0
0
0
0
0
0
0
0
0
0
544
417
-5296
4855
213
3118
3377
0
1080
4080
0
520
2392
278
819
4567
112
0
-18707
0
0
158
0
0
0
0
0
0
0
0
0
0
0
3331
1621
0
0
0
0
0
2036
379
2446
1731
1787
668
870
-24767
3283
2110
0
0
507
4266
2954
537
1793
599
538
0
3024
426
826
0
0
0
0
0
0
0
0
0
0
0
0
1831
1609
0
0
0
0
6634
5686
1804
-20121
2364
0
0
0
0
0
2340
1544
5178
1002
16
831
245
0
0
240
0
0
1698
1181
0
0
1558
1212
0
3210
14
0
0
0
0
0
0
0
0
0
0
0
1617
399
294
0
0
0
0
0
0
0
2768
0
0
0
0
0
0
0
0
4855
1185
294
2478
80
225
0
0
1928
1524
2846
0
0
0
5284
877
0
0
0
0
2972
353
870
-44475
0
0
0
0
0
0
0
0
3829
0
0
1448
0
0
0
1169
928
0
0
0
0
0
0
2292
1760
150
1554
0
0
60
447
0
0
0
0
2617
870
2979
4653
3065
-42937
3524
2574
1955
1287
54
1549
0
2980
0
2103
0
0
596
0
80
715
0
0
0
0
0
0
0
0
0
0
0
0
0
0
0
0
0
0
718
3180
1245
254
2816
0
0
0
0
0
0
0
0
0
0
0
0
0
184
2270
405
0
0
0
0
0
0
96
0
722
1457
851
880
1004
931
0
0
0
0
0
0
0
0
0
0
0
0
0
0
0
-44831
272
184
2823
2005
51
0
0
0
376
1179
0
0
904
571
1792
0
0
0
0
0
0
0
0
0
0
0
722
2422
1285
0
0
0
0
0
0
0
0
0
0
0
0
0
4654
60
2041
-16522
0
0
0
0
0
0
0
0
0
0
99
0
0
0
0
0
0
0
2617
184
2642
2022
141
-6549
718
1369
50
0
0
0
0
0
0
0
0
6982
2523
0
0
2340
2160
639
2646
-10836
4426
1844
1000
3855
268
0
4119
0
0
0
0
0
0
0
0
0
0
0
0
0
0
0
0
0
1163
3210
4862
520
2046
3065
141
0
-31574
1964
571
3180
688
80
612
0
0
0
0
0
0
0
1638
0
0
0
0
423
0
0
0
0
0
0
0
0
0
0
0
0
0
0
0
0
0
0
4494
-19695
0
0
0
0
2617
400
520
15
0
80
792
0
0
1002
-17166
2979
3065
819
1497
870
1616
778
0
599
184
2422
0
0
0
560
0
0
66
0
0
0
0
0
0
0
0
0
0
0
2316
2248
0
0
0
0
417
841
1468
0
0
832
0
0
0
0
0
0
0
0
0
0
0
0
0
0
0
0
0
0
0
0
0
0
0
0
0
0
0
0
0
2488
0
606
-22686
452
2725
1492
51
0
0
0
0
0
2972
1960
-2066
0
3200
3360
1092
2617
3815
3346
5484
18
560
0
2042
3570
3101
2340
43
4308
-34009
3893
-18527
376
2891
0
0
184
2823
4024
1524
1341
0
0
0
0
0
0
1098
0
831
80
1572
0
1576
0
0
256
0
0
0
1079
0
0
0
0
0
0
0
0
0
0
0
0
1400
0
722
1050
0
0
0
0
0
0
520
-26281
3746
80
796
0
2400
571
3605
0
718
1675
1019
1654
2903
4240
394
0
0
0
0
50
618
727
0
0
0
0
0
819
776
452
3553
2224
5284
1767
0
0
0
-20612
0
0
693
0
0
0
-12688
1262
2617
3593
2924
0
819
55
5368
135
0
0
1639
0
0
0
6330
6982
836
345
0
0
177
0
0
0
-19093
89
0
0
0
0
0
0
0
0
0
0
0
2823
73
78
0
-18450
0
0
0
2682
2627
80
335
0
2338
0
0
2316
1600
2730
545
900
0
88
0
0
0
1994
2488
0
520
1549
1050
900
725
504
0
2152
0
0
0
0
0
0
0
0
0
467
0
0
0
0
0
0
0
0
0
0
798
0
0
0
0
0
0
0
0
0
0
0
0
0
0
0
0
0
0
0
0
0
0
0
0
184
2075
571
5686
1804
-30924
0
1901
2979
3340
740
1633
2256
1698
634
1444
4943
397
4176
0
80
599
819
1062
0
241
0
0
0
0
0
0
0
0
0
0
0
0
0
870
3552
2617
4653
933
150
0
0
0
-34464
-36577
0
36577
240
0
0
1698
1464
1633
2929
571
1535
1879
0
0
0
0
2256
1776
47
266
1400
0
2737
0
0
0
0
2617
1105
4114
1821
0
0
-19504
0
0
-12775
12775
0
0
80
1163
1170
1930
745
0
0
0
0
0
0
0
0
0
520
870
-29370
0
576
1264
0
322
96
1575
622
2276
1607
0
5059
2036
2238
0
0
0
0
0
0
283
80
1329
0
0
0
0
3533
64
299
81
30
451
0
0
0
0
0
0
0
0
0
0
0
0
0
0
0
0
1008
16
3388
452
3065
872
0
315
4855
-32360
-27409
0
870
1080
378
0
1498
0
26539
732
0
0
0
0
0
0
0
0
0
0
0
0
0
0
1200
0
0
390
0
0
0
0
0
0
0
4024
3331
184
2422
0
376
1415
0
0
0
0
4158
176
571
-13390
0
0
0
-15311
0
870
320
819
13302
0
0
0
3204
0
0
499
0
0
0
0
0
0
0
0
0
0
0
0
0
0
0
0
-22045
1002
870
4855
465
744
0
0
0
0
2005
2979
718
1278
0
0
246
0
0
0
0
0
0
0
0
0
0
417
2031
583
0
0
0
0
0
2972
2617
-14739
4420
1504
464
4950
718
872
0
1549
84
571
910
0
0
0
0
0
0
0
0
0
0
0
0
0
0
0
0
0
0
3123
0
0
0
0
0
0
0
0
0
0
0
0
0
0
718
4706
0
2005
2979
819
-24392
7702
568
1744
2528
0
0
776
122
853
0
0
0
0
5372
2403
0
150
0
230
4420
2972
2617
-35241
0
1549
571
2720
0
718
1698
1464
435
1430
870
504
0
0
1488
599
2752
96
2360
1960
3346
110
0
0
0
651
0
0
0
0
0
0
0
0
0
0
0
0
0
0
0
0
561
0
0
0
0
0
0
0
0
0
0
0
0
0
0
0
0
184
473
0
0
0
0
0
0
0
0
0
0
0
0
0
0
0
0
0
0
0
1504
1403
-33675
2533
4027
884
3081
0
0
0
0
0
1300
1617
20716
0
-43818
2979
870
1287
599
78
0
3210
2110
0
0
4430
3120
3833
0
537
0
0
0
0
0
0
0
0
0
0
0
218
0
0
0
0
0
0
0
0
184
2642
128
0
0
0
0
0
0
0
538
1022
1034
6982
1744
0
0
722
282
-30565
4892
262
0
261
2979
105
0
0
0
0
0
0
0
0
0
0
0
172
1617
61
0
0
0
0
809
456
0
0
80
3149
2784
2224
5008
0
0
0
-19967
0
0
0
0
452
2488
0
606
2725
1492
1709
0
-14871
0
-13136
571
12565
0
520
1106
0
0
0
0
0
0
0
0
0
0
0
0
0
5547
4648
870
456
0
0
80
-7457
-3926
0
1002
2924
0
1888
564
419
0
0
0
0
0
0
0
0
0
0
0
7702
80
-16734
1198
2364
2823
520
3074
409
0
0
0
0
0
0
0
0
0
0
0
0
0
797
0
0
0
0
0
0
0
0
0
0
0
0
0
0
0
0
0
0
2979
4058
4158
1000
1792
1329
0
0
0
0
0
-20038
0
0
-12871
819
4586
7466
0
0
184
2137
0
0
2043
0
3331
1002
507
0
0
0
0
0
0
0
0
0
0
0
0
0
520
-19853
4240
3209
0
0
0
0
0
0
0
0
0
250
600
432
0
2350
1674
0
0
0
0
0
0
0
80
796
0
2400
321
3855
0
718
730
0
0
0
2979
2013
204
170
916
0
0
0
0
0
0
0
0
2005
2979
-25933
568
3084
1744
4244
1002
1440
2062
0
0
0
376
0
1060
1809
0
0
2316
2224
1728
2310
2056
675
2402
250
0
237
1160
0
2507
0
0
0
0
0
0
0
0
0
0
0
4420
2972
1698
1464
435
2979
-46606
0
0
-46084
1960
3388
1742
0
0
0
1874
0
0
0
571
184
2309
816
0
0
0
859
1000
911
0
40736
0
0
2246
18
944
1813
825
0
0
0
0
0
0
0
0
0
0
0
819
-26066
776
1002
3331
718
1314
0
80
599
571
2769
0
0
0
0
0
4496
870
417
1761
2596
452
141
0
0
0
0
0
0
0
0
0
0
2036
374
0
0
0
58
0
0
0
1537
0
4855
-29106
870
960
0
795
0
0
1000
599
2599
2371
184
1469
0
483
0
400
5824
0
0
0
0
0
0
0
0
0
2998
0
944
2143
0
0
0
0
520
-24137
0
0
170
3746
571
3180
1200
0
0
0
0
987
0
0
0
2016
0
0
0
0
0
0
0
0
0
0
0
0
2025
0
0
0
0
0
0
904
1002
568
5600
571
184
3210
819
621
0
0
1504
3951
-21893
0
0
2005
352
0
0
0
738
0
0
0
0
0
0
0
0
0
0
0
0
0
0
0
1060
1369
510
368
0
0
0
0
0
0
0
0
0
0
0
0
0
0
0
0
0
0
0
0
517
0
0
0
489
1638
0
0
0
0
819
376
5368
225
2269
135
0
0
0
-21956
32
0
-7794
571
870
2979
3210
1826
0
0
0
791
2896
718
1506
0
0
3120
1944
1163
54
0
660
1073
0
0
0
3210
-26861
0
0
0
80
599
2979
1651
881
0
819
1654
0
0
7608
1534
0
0
0
1716
2301
274
0
0
0
0
0
0
0
2772
898
278
571
-26136
3065
320
0
0
0
0
0
0
2617
2256
301
767
0
1795
0
0
0
0
0
0
0
0
0
0
718
1100
0
272
1002
971
0
0
0
0
0
0
0
0
0
0
0
0
0
0
0
0
0
0
0
0
0
0
0
0
0
4158
-15991
3204
0
0
2578
0
2174
2979
821
2121
297
3895
166
0
0
0
0
0
0
0
0
0
0
0
0
-26205
6982
278
2094
3388
452
256
0
0
0
0
0
0
80
105
0
0
0
0
0
0
0
0
0
0
718
819
281
272
2617
1629
0
1194
73
78
16
1413
0
0
0
0
0
0
0
0
0
1504
-27749
2972
2598
1993
0
2979
1171
0
0
0
4567
2979
1002
4950
571
1472
350
311
0
0
-12973
0
0
0
870
4459
1883
0
0
819
1497
2112
1760
1852
628
322
0
0
-29179
0
870
2979
2617
718
819
4653
2578
114
0
0
3750
307
2316
775
0
0
0
152
0
0
0
0
0
0
0
0
0
0
0
0
0
0
0
0
0
599
3065
184
108
0
0
0
1002
628
1198
0
0
0
0
0
0
0
0
0
0
6634
-30677
4416
0
3000
0
7008
96
694
2617
452
1181
1610
2784
0
0
0
0
0
0
750
176
184
317
0
607
0
0
192
404
520
1488
442
0
0
0
0
0
0
722
642
0
0
0
0
0
0
0
0
0
0
0
571
2617
2256
1662
1157
0
0
1002
2429
3331
2764
0
1249
0
-30266
-36490
0
0
31016
904
184
320
452
1430
2551
1041
0
0
0
4560
6554
488
-25644
0
2979
6215
0
571
184
1631
0
0
0
0
0
0
0
0
2256
220
0
5284
4855
3376
3331
184
2478
2224
1611
417
220
2979
783
-23018
616
2121
506
0
150
22
293
0
0
0
0
0
0
0
0
0
3388
-29162
-37178
819
2772
32493
568
0
0
0
0
0
0
2523
1570
592
0
872
0
2000
599
0
0
0
0
776
1002
1581
5081
0
0
0
0
0
1548
0
0
0
0
0
0
0
0
718
1314
0
80
571
2190
0
0
0
0
0
0
0
0
262
0
1437
95
457
0
0
0
0
0
0
0
0
0
0
0
0
254
-36754
2617
3065
718
571
880
1472
2536
564
2847
80
1156
824
0
0
0
0
0
0
0
0
0
0
0
0
0
0
0
0
0
0
0
0
1153
0
0
0
0
0
0
0
0
0
0
2617
520
870
1760
-10017
432
0
1398
0
0
0
320
3331
2595
4033
0
4950
80
1109
0
0
400
0
0
0
0
0
2032
4455
240
1464
-17162
4586
96
80
903
22
4093
497
720
0
0
0
0
0
0
0
417
968
0
0
0
0
0
0
0
0
0
571
1015
432
0
0
0
0
0
0
0
0
0
0
0
0
0
0
0
0
0
0
0
0
0
0
538
1616
576
2415
0
0
0
0
0
0
0
0
0
0
0
0
0
0
0
-40449
1002
3440
0
0
0
0
1286
0
0
0
0
0
0
0
0
4855
-7668
2292
1760
217
2224
4498
1760
0
0
0
0
6330
776
2682
-18406
2042
0
0
1289
0
0
0
0
0
0
0
0
43
0
452
1163
1776
184
87
0
0
0
599
571
80
2617
7
0
0
0
0
0
0
0
0
0
0
0
0
0
0
0
0
0
0
0
0
0
0
0
0
0
0
0
0
0
0
3746
4060
-20698
22
0
0
0
0
0
0
1488
599
665
0
0
0
16
0
0
0
0
0
0
0
0
4240
2540
0
0
0
0
0
0
0
0
0
0
0
2952
6172
-13470
2746
96
3620
0
0
0
0
718
4093
0
0
-15282
1617
718
80
184
1120
900
1440
870
2979
3014
0
0
2364
2823
73
1616
520
544
417
279
195
0
0
0
3008
0
324
687
0
0
0
0
0
0
0
-27095
96
3455
2264
0
0
0
2551
4892
1723
184
1819
1385
0
520
2582
0
770
0
0
0
0
0
0
0
0
0
0
1510
80
432
2350
1255
0
0
2565
0
0
0
0
0
0
0
0
0
0
0
0
0
0
0
0
0
0
0
0
0
0
0
0
0
0
0
0
6634
452
2527
1928
18
574
0
0
-30384
0
0
0
0
3331
57
0
0
2780
219
87
0
4560
0
0
1092
891
0
0
0
0
0
0
0
0
571
3180
688
1163
80
-33417
1929
1635
0
2256
1798
0
0
3210
569
0
0
290
0
2906
0
0
1120
1760
1698
1422
150
599
224
973
897
0
0
0
0
0
0
0
0
0
0
0
0
0
0
0
0
2772
1113
170
0
0
0
0
0
1524
2720
-25439
325
4855
225
3904
3986
0
0
0
0
2900
0
0
80
1040
0
0
0
0
0
0
3006
256
0
0
0
376
388
0
0
0
2478
326
0
0
0
0
0
0
-28735
819
2617
80
2328
0
776
184
3909
376
2559
0
0
870
3524
2574
303
722
2837
744
0
2808
0
0
0
564
254
1
0
1572
0
112
1004
1334
1121
7294
-38200
870
2476
2075
0
1080
2259
1510
1201
0
0
0
2340
6782
-15712
0
0
-10855
2488
0
904
571
184
2421
2823
73
78
0
520
1597
0
2015
0
48
0
0
0
0
0
0
0
0
0
0
0
0
0
0
0
0
0
0
0
0
0
0
0
0
0
0
606
1212
0
0
0
789
240
0
432
0
2350
401
0
4224
0
3331
3065
-21532
2999
3388
718
2277
0
2525
668
0
564
0
0
0
0
1440
2316
1549
0
0
0
0
1792
571
2210
0
0
0
2979
870
-33037
2617
376
0
1721
0
0
0
0
0
2110
811
0
303
0
0
0
0
0
0
0
0
0
0
0
0
0
0
0
0
819
1002
2005
1354
0
184
544
417
3704
819
-15422
-19727
0
904
568
498
0
776
3909
80
376
2360
0
0
2642
1894
0
0
0
18255
644
42
1126
0
0
4855
-20460
2979
2617
2164
0
0
0
0
0
0
0
1185
294
536
3712
-16975
2005
1079
0
628
0
0
3842
571
1901
276
909
0
0
0
1050
0
0
0
0
0
-11290
1900
3331
5483
870
6753
0
0
0
0
0
0
0
0
0
0
0
0
0
0
0
0
0
0
0
0
0
0
0
0
0
576
0
0
0
0
0
6330
2555
3024
1928
-17221
0
0
0
0
6675
0
2288
172
498
2100
2764
0
1002
517
80
257
0
0
0
0
0
0
0
0
0
0
0
0
0
0
0
2617
870
3524
2574
2806
4080
0
80
3752
2979
1587
0
0
-36540
186
3101
9408
2328
0
184
1031
2446
626
172
0
0
0
0
0
0
4738
776
-43075
0
0
0
4431
2313
6330
2682
452
599
571
80
2617
276
0
0
0
3024
1928
1464
0
0
0
0
262
0
2005
2239
0
386
0
0
0
0
0
0
0
0
0
0
2220
0
0
0
0
-14956
1831
975
0
718
909
0
0
0
0
2284
0
0
0
375
0
495
417
1905
0
1611
0
0
0
0
0
0
0
719
0
0
0
0
288
1504
638
0
0
0
0
0
0
0
0
0
0
0
0
0
0
0
0
0
0
0
0
4862
520
-42482
1964
1163
2174
2979
1259
3210
2046
2617
80
2036
715
432
0
2125
1163
0
0
891
184
1490
0
0
0
0
0
0
0
0
0
2041
-27640
0
0
0
0
2140
0
3331
65
0
3180
2617
87
1839
0
1677
0
722
4879
1004
80
7230
2617
-18103
0
0
0
0
0
0
3220
0
0
0
0
0
0
2979
904
140
2125
568
138
0
0
0
0
0
0
1572
0
1256
372
0
0
0
571
3210
1180
0
0
0
0
0
0
0
0
0
0
0
0
0
0
0
0
0
0
0
0
0
0
556
0
870
647
0
0
376
5368
225
179
544
-33035
2772
2823
1698
869
0
0
0
0
0
0
0
-15491
325
580
0
961
870
6650
600
2979
1000
1792
-14728
-10570
608
2042
642
0
9962
870
4036
4058
4247
643
0
0
3180
723
0
0
0
0
0
0
0
0
0
0
0
0
0
0
1186
0
0
0
3042
0
0
0
0
0
