1
2
3
4
5
6
7
8
9
10
11
12
13
14
15
16
17
18
19
20
21
22
23
24
25
26
27
28
29
30
31
32
33
34
35
36
37
38
39
40
41
42
43
44
45
46
47
48
49
50
51
52
53
54
55
56
57
58
59
60
61
62
63
64
65
66
67
68
69
70
71
72
73
74
75
76
77
78
79
80
81
82
83
84
85
86
87
88
89
90
91
92
93
94
95
96
97
98
99
100
101
102
103
104
105
106
107
108
109
110
111
112
113
114
115
116
117
118
119
120
121
122
123
124
125
126
127
128
129
130
131
132
133
134
135
136
137
138
139
140
141
142
143
144
145
146
147
148
150
151
152
153
154
156
157
158
159
161
162
163
164
166
167
168
170
171
173
174
176
177
179
180
182
183
185
186
188
190
191
193
195
196
198
200
202
203
205
207
209
211
213
215
217
219
221
223
225
227
229
232
234
236
238
241
243
246
248
251
253
256
258
261
263
266
269
272
275
278
280
283
286
290
293
296
299
302
306
309
313
316
320
323
327
331
335
339
342
347
351
355
359
363
368
372
377
382
386
391
396
401
406
411
417
422
428
433
439
445
451
457
463
470
476
483
490
496
503
511
518
526
533
541
549
557
566
574
583
592
601
611
621
630
641
651
661
672
684
695
707
719
731
744
757
770
784
798
812
827
842
858
874
890
908
925
943
962
981
1001
1021
1042
1063
1086
1109
1132
1157
1182
1208
1235
1263
1292
1322
1353
1385
1418
1452
1488
1525
1563
1603
1644
1687
1732
1778
1827
1877
1930
1984
2041
2101
2163
2228
2296
2367
2442
2520
2602
2688
2778
2873
2973
3078
3189
3306
3430
3560
3699
3845
4001
4165
4341
4527
4726
4939
5166
5409
5669
5949
6251
6575
6926
7305
7717
8164
8651
9183
9766
10406
11112
11891
12756
13718
14793
16001
17362
18904
20662
22676
25001
27701
30865
34603
39063
44445
51021
59172
69445
82645
100001
123457
156251
204082
277778
400001
625001
1111112
2500001
