27217
27217
454393
27217
446169
303817
454393
674881
454393
454393
839081
839081
16
180795
674881
898505
32
41
27
102962
658769
17
82993
453977
180795
898505
785221
172817
60062
311109
37
180795
362220
9
384009
665393
547441
71930
153609
839081
384009
54
82993
674881
31
82993
180795
91
898505
629321
362220
60
362220
795991
57
10
783227
789441
795991
25
571257
898505
977329
51
674881
14
37
60062
898505
723073
338017
445564
987057
784638
102962
58121
16
784638
462941
353209
10
3711
153609
202703
292257
783227
770643
546105
996284
784638
67
79
60
202703
41
549706
789441
17
273567
904015
629321
279961
904015
201105
864785
134
895309
5
718709
629321
273567
620273
789441
359529
766017
19
901263
209841
864785
304199
122305
31
549706
292257
292257
706640
353209
629321
213767
233057
965816
805345
550935
286417
665393
757809
202703
1
123
251521
189955
18033
147809
169
431881
504275
549706
994073
45
314837
319253
249
550935
607089
103
445905
825008
181
18489
570113
148
391297
335461
274
44993
49
286417
39425
453977
749889
779137
286417
784638
913373
904015
689809
259649
265
972105
256
384009
422901
524669
375721
145
233057
608769
147809
620273
789017
292257
308
561193
157
570113
18993
168703
224991
69
805345
384009
723073
321025
453977
143
335461
176175
965816
261
462941
143
744968
9109
184977
335461
158745
913373
42
966777
304199
272929
375721
357
477193
577003
262
224817
384630
941681
392735
102041
362220
343661
72773
422901
20289
450745
392005
738639
223
300133
145
27
147809
73825
14
491937
300133
690153
9
57
209841
895309
138
273567
102
259649
163369
271
974037
987057
495121
295
517117
864447
462941
343661
383
153609
22529
117
451
849637
993979
482433
773605
743745
637902
319253
143132
893185
147305
163369
635406
961315
163
1
503017
99
461
399376
766017
83
744968
343661
276
864447
285377
392
500461
686573
665393
541
706640
913373
658769
570113
73281
20289
787713
178555
147809
571649
809577
853793
81473
490141
635406
380286
82993
439883
272929
247
9109
527745
547
722263
411
375713
535
457742
849637
925697
147809
561
812094
431881
532
567
524669
125
839081
143
165
573296
834705
327421
185277
59
537217
915809
699466
665321
172179
224817
143
411
766017
577003
339857
425857
469175
834705
96044
370540
321025
149
431881
336045
292257
977199
258
635406
128
355425
724673
202915
18993
397651
1
839081
341599
735785
277477
923407
86405
845145
26999
783105
507
868582
235
643484
749889
168001
665393
40
853793
61
520081
67969
813309
451
96044
549
931473
355425
574785
817921
737685
806217
389
370540
65
1
327421
72773
849637
484
300133
556793
443841
26999
108993
224991
834705
265011
20
455489
717
836581
836417
495121
610113
539039
615681
718106
250251
168001
933969
234
954225
370540
613
881457
158745
421
60111
443841
775520
706640
200689
431131
183405
1
596857
221
623934
285377
737602
59
507803
180682
300133
46825
689809
209841
623934
118113
785591
63
35341
8693
315529
12801
360709
583
451009
718106
706640
573805
785
781181
537217
205
865
453977
546105
12801
422337
895593
623
240
80
183691
900147
764221
431131
621457
570113
193
728837
343317
280
829633
714
329
392735
233057
438952
635406
941681
18993
749889
185877
68
513
602967
82993
282945
504865
906102
647
609
446
757321
256
647
179561
72033
722263
836707
849637
136
714
425857
749889
587994
983753
959257
859141
749889
321025
877
652
179561
347
339857
649
968
829633
950
355425
764
86405
168001
935
515317
18993
591
509
550935
576801
740929
75649
443841
481050
488169
495121
46825
865913
422901
943745
83234
250251
707089
300133
245605
800983
425857
906102
97
787
761
900147
479153
186313
960929
586721
21409
941681
972
280505
392735
196857
343374
570113
735785
859141
168273
271
756045
323329
179561
520
965
8693
963
314633
255
318305
954845
246465
334065
948
451009
469175
991725
519715
462941
463
357998
321025
221
152221
806217
993979
787713
351200
565134
95
899873
183691
318305
832
605
550935
584577
385
949945
362220
801
180682
281
855
839081
845145
462941
81905
451009
279737
931473
556753
591
828529
761081
262377
26999
238977
86405
111
379671
131
362220
157346
602967
988697
250251
85
1153
668145
45963
282814
901263
823681
621457
422721
203122
239
926225
406
180682
1054
507803
420637
253
797
866549
865729
26999
556753
709453
420637
335
1207
783105
794273
722263
665321
723073
509130
297
898505
989
8
474695
711073
375721
758285
507803
230465
1218
251
563
341049
246465
140801
425857
915809
753505
209841
921
1033
574
450745
203916
663145
674113
786959
703461
577003
452
565134
764221
490555
836817
903798
273441
871809
490555
469175
408861
1317
599085
419033
997251
51265
172179
184277
774405
991
575131
749
1391
229441
343985
497
923
50753
749889
843649
233465
481050
91575
72181
955763
13
258249
282814
443841
1171
471237
863233
168703
734937
286417
684641
824705
546105
39425
812857
343374
690153
1135
543749
114401
806453
100
949945
1137
237
714111
444570
1097
595769
725231
529323
366037
172179
810331
593985
552541
1471
573633
745169
176175
800983
1491
121575
147809
163369
430273
114401
773605
818177
99079
1 1237 3341 3421 3711 6873 8693 9109 12723 12801 14081 17121 18097 18489 18535 18929 18993 23209 24373 25937 26999 28833 30997 31205 35341 39425 44353 44993 45963 48892 49198 50689 50753 51265 52569 53229 56166 56865 57876 59280 60111 62201 65621 65913 67969 68097 70143 72033 72073 72181 72773 72793 73281 73520 73825 73833 74828 75649 76611 78499 79297 81361 81473 81905 81985 82705 82993 83234 83385 85518 86405 88321 88593 90122 90389 91073 91188 91553 91575 93477 93729 99079 102041 102962 104863 105244 108641 108993 109791 111081 112553 112807 114401 116241 118113 118535 121575 121653 122049 122873 123579 123837 123864 126689 128737 129319 129729 129825 131690 133757 134013 137329 140801 142329 142369 143663 143681 145969 147201 147305 147809 148431 152221 153609 155457 155911 157346 158369 158745 159946 160085 160133 160445 163369 165693 165976 166145 168001 168273 168703 172179 173667 174919 175035 176175 176533 177073 179561 179673 180163 180682 181883 182621 183405 183409 183691 184277 184630 185357 185653 185877 186313 186473 188100 188153 189835 189955 196857 197377 197591 200451 200689 202915 203122 203916 209841 212007 213301 216687 224991 226853 228525 229441 229713 230167 230357 230417 230465 232733 233057 233465 238977 242231 243018 243177 243935 245605 246465 247290 248339 248551 250251 253665 256001 258249 258401 259649 261248 262377 262721 262749 265011 268903 269325 269937 271175 272929 273441 274251 277441 277477 278257 280505 281741 282814 282945 285305 285377 285625 286417 287281 288058 290945 292257 292477 295029 295425 296009 300133 300673 302165 303560 303852 304001 307309 313157 314633 314817 314837 315197 315267 315529 320517 321025 321033 323329 324231 325893 326287 327067 328203 329665 330093 332379 333313 333521 334065 334914 335461 336045 337641 339857 341049 341217 343209 343317 343374 343661 343985 344244 345119 346279 355425 356467 357998 359529 359873 360985 362220 366037 370540 370785 372841 375713 375721 379671 380172 380286 381221 382345 383297 383687 384009 384630 391297 391595 392005 392735 394737 395409 397651 399376 400585 401349 403191 404261 405713 406859 407741 408861 411285 414603 416668 418259 419033 420637 421298 422337 422647 422721 422901 423621 423631 423883 424721 425799 425857 427815 430273 431131 431881 434887 436580 437533 438617 438653 438952 439883 443203 443841 444570 445494 446737 446849 446977 448073 448101 450745 451009 453977 455489 457742 460029 460609 461009 461069 461119 462941 463485 464313 464631 466497 468471 469175 471237 473329 474695 474865 477193 478849 479153 479369 481050 486869 488161 488169 488449 490141 490555 490861 491937 492137 493273 493418 495121 496401 500261 500461 502377 504865 505945 506313 507803 509130 509591 510201 511085 514721 515317 516871 517117 518289 518555 519715 520081 520489 522769 523281 524091 524669 526973 526993 527228 527617 528155 529323 531141 531783 533697 534657 535249 535593 537217 539177 539193 541575 542462 542669 543749 544049 544469 544678 544841 546105 548121 550935 552065 552097 552541 555209 555617 556753 556793 558281 560139 561193 561237 562097 562711 563881 564041 564745 565134 565885 567543 568432 569081 570003 570113 573633 573805 574177 574611 575131 576637 576717 576801 576846 577003 584577 585146 585571 586721 587681 588127 592751 593341 593985 594705 595769 596133 596857 599085 599165 602967 603553 603875 604425 605409 606547 610113 613213 613596 615227 615681 615969 617666 619025 619729 621457 622042 623130 623934 625939 629391 629951 631291 631619 634053 634225 636476 636871 637041 638121 641870 641918 642369 643441 643484 643735 645330 647465 648709 650689 652817 655977 656960 658769 662040 663145 667301 668913 672997 674113 681015 683583 684641 684665 685095 686573 687933 689809 690153 698483 699889 700227 703461 707009 707089 707653 709453 710445 711073 714111 717393 718106 718709 719169 719293 722263 722465 723073 723393 724673 725231 728641 728837 730359 734937 735785 736011 737173 737265 740929 741505 742913 742977 743745 744261 744353 745169 745617 745953 749889 752727 753217 753505 753783 754753 755089 756045 756417 757321 758285 759919 761081 761481 762497 764221 764565 766017 768091 770643 771361 773605 774661 775520 781181 781734 782551 783105 783495 784638 785197 785591 786959 787025 787713 788097 788627 789017 792257 792750 793169 793834 794273 797777 800105 800983 800993 803085 805169 806217 806453 807429 807646 808911 809577 810331 811387 811569 812094 812857 813937 815505 815809 817433 817921 818177 818321 818945 819271 819361 822102 823681 824705 824871 825514 826593 827217 828529 829633 833309 834705 835539 836545 836581 836707 836817 837437 839081 843649 845145 845249 849637 852737 853793 855149 856845 858489 859141 861719 862987 863233 864447 865729 865913 866065 866537 866549 867741 868159 868582 871809 871921 872089 873595 873873 874009 875541 876577 877533 878197 878371 879811 882977 884457 887821 888649 889151 890377 891531 893185 895309 895593 895665 897265 898505 899873 900029 900523 901263 901913 902765 903041 903798 904015 904041 906056 906102 906215 907723 908985 909619 911029 911555 912281 913348 913373 913659 915809 920417 921655 922481 922985 923407 923750 924619 925697 926225 927057 927289 927773 930161 930825 930865 930905 931473 933969 934571 935081 935243 941681 943745 944673 947891 948357 949047 949480 949671 949945 950851 952377 953849 954021 954225 954371 954845 955763 957648 957873 959257 959308 959841 960697 960929 961315 961931 965377 965816 966143 966777 967535 970537 970540 974037 974739 977199 977221 978047 983169 983633 983753 984901 986975 987057 988697 988993 991725 994073 994775 996068 997251 
863233
380286
466497
439883
123864
520081
1271
829633
558281
391
14081
286417
1551
829633
1514
261248
961931
384630
887821
307309
1042
83385
165976
246465
1363
1563
812094
118113
185877
542462
1327
118113
446737
891
699889
509
1591
169
196857
174919
555209
448101
722263
174919
509591
520
271
278257
321033
629951
737173
954845
76611
1205
1421
552541
737541
775520
577
280505
313157
56166
67969
272929
123837
1243
330093
537
230417
1273
443841
782
1311
509130
781734
48892
269937
550935
137329
516871
72773
189
599165
935451
641870
657435
188153
247290
576
228525
367
439
51
462
645330
14
379
1635
148657
464313
785197
531398
811387
1338
641870
809577
1251
965377
315529
692865
788097
448101
1473
443203
710445
1239
278257
74828
70673
190009
304001
862987
532
1243
913348
448073
171649
330093
1601
773605
425799
1568
147809
737173
930161
610113
1899
128737
949671
901913
1299
534657
1609
531398
67969
941
341217
299
575131
861471
465833
160445
859
36
896
684
436580
1497
81985
14081
278257
90122
737541
359873
278257
518555
425799
1400
238977
643441
920417
327067
940
732993
126689
96641
534
109203
638121
163369
192433
745953
685991
113
949047
379671
861471
245605
843649
248339
1017
1637
895309
88591
474865
384630
341
567543
519715
67969
143387
1405
1239
869485
967535
1801
537217
592751
990641
579332
411
366037
435
909619
993
1291
155457
2043
836545
422901
122179
909619
51265
1219
781181
414603
974739
784638
203
374417
846105
800273
438952
2062
214512
186539
699889
907723
2018
869
1997
352417
422647
906056
841421
1761
224991
304241
443841
706126
1841
499
48641
828529
865729
716249
948357
840
634225
333521
303560
533521
641870
76609
360985
565007
533697
1144
756045
166145
645573
60111
399376
250251
1804
689281
197908
1719
142329
44353
831
745617
846105
474695
49198
1247
244
709483
267960
964961
332379
1504
817
135485
110391
1525
762497
1534
749441
631637
2017
786
714111
954021
1127
392677
359251
1282
1386
794273
1745
631291
489009
635697
568505
1256
541
122049
347455
513733
1776
718481
780
123864
517412
2010
226853
206017
681
241
694145
200689
280505
894529
896809
372841
1758
286417
374417
422337
585597
777
516871
65473
644
44993
645573
478849
535593
266913
1553
738445
286417
580377
488449
123579
1441
71
450745
841421
1721
2087
200689
935451
1975
822102
389
345119
392961
511085
865729
980081
1509
1374
614785
2363
27
307309
1076
318837
689
615681
927961
2163
329665
502377
101901
105
419033
1925
443203
1591
285305
555209
190
542669
176175
123
650
56865
148657
794
54977
650729
128737
977221
408257
658769
279
380286
821039
1501
496401
935451
836545
473329
216687
613596
813937
230167
391297
476659
666125
876577
21
42
1858
821039
294273
399703
898505
477941
623
722263
181883
387921
436577
638121
529323
1505
685
556753
887821
1961
330093
734937
1723
862
411721
165976
878371
1889
987105
411285
79297
188153
522
499
235
882977
1684
1331
1765
2362
1971
631637
481050
2208
502377
609713
286417
1505
133757
797777
375
742913
893185
143387
392677
114401
585597
34450
298
76833
1439
666
757321
1988
470737
466497
152823
192433
103734
800273
599165
286417
23209
221
482497
539729
610954
819361
2114
667133
730049
149252
2225
652817
244545
322526
229441
699697
1611
1336
504873
47904
784638
531783
672997
397651
258249
689
326287
535249
742624
183489
152823
351275
974739
62201
162353
1001
974739
540
571941
442333
16
599393
606547
887725
229713
960929
528155
561
764565
359541
812653
245605
437533
933270
300673
40300
759919
460029
935451
481050
2187
340953
690153
384699
249241
380088
437533
529323
872885
266913
2614
161831
89192
44993
846607
470737
579332
1
625939
168273
1189
425799
918654
732993
564041
259
185653
638121
70143
606547
121
794
707089
442333
924187
1963
911
744353
460029
652817
438617
398947
613099
53343
9109
104863
392735
826433
990641
927773
984901
971225
383687
555209
921655
629325
925697
109203
131485
1372
873
303
863
686
197
35341
148657
315855
535249
714493
698483
500261
375713
874945
248339
320517
2769
83234
668
453201
728837
73281
314633
82993
214512
57876
600449
43454
957648
872089
29211
1633
575969
1083
290945
234241
555209
634053
527
568432
2501
1747
900785
590337
391297
725231
216687
893185
277441
2487
847
108891
517412
570003
307699
602073
821
585597
249241
399376
620537
178369
343317
988993
614785
2385
397651
530065
770313
321033
238977
647105
140497
1151
619729
977874
755
1221
1485
1822
179561
500443
1875
955763
599149
1887
698232
24433
839081
685991
602967
2697
1954
1092
850473
961121
525357
2067
936513
702841
907873
978305
229832
548121
784638
346279
586721
339857
418817
3008
997
280505
137045
788097
298604
792897
2749
683583
1626
214512
433241
510
625939
98037
872089
216687
405713
56166
380286
1059
641870
718106
207
160445
272485
1330
555209
113789
2175
223665
502377
787025
800105
365025
47
2167
669
110391
737265
977874
425799
956025
619
861633
186473
854737
418170
1221
2887
846105
216687
784352
2883
854737
570003
902
3151
153815
702841
490555
626161
21357
734937
402523
609713
200033
184417
75809
65
95527
932445
824705
519715
611
294563
184630
425153
43454
510201
94005
369
300273
204927
531783
458080
952377
404261
610954
1449
724673
15304
334065
3241
861633
933270
899873
1907
699245
840017
113789
967535
237457
745617
2085
861921
147
585
35425
587
590337
1651
2029
656811
105353
728837
279549
184417
612813
113789
262377
2932
78499
643484
8693
533697
65913
788097
431131
62201
172429
451793
255041
840017
960929
526993
464
174919
81985
344673
200033
552541
874009
342225
2717
722961
530345
982
931
2788
49198
622849
497033
2640
728837
295301
2799
94265
206
577003
929801
450745
588841
935081
1679
455519
347649
1229
872089
618553
12769
611
603553
509897
154925
288769
631619
106435
993621
913348
555209
751297
1733
1081
1393
460802
382345
776
2879
879811
808911
565885
411721
999617
623130
595769
3161
110391
42887
352417
2467
868573
1941
812857
1
886181
3125
789017
825921
194209
434887
2626
207906
872
542462
2416
267960
839081
1335
723717
310195
298604
800273
174919
938625
869485
913659
558737
955
204
895751
573921
2203
154925
923437
1823
2256
1345
897265
34450
384699
1525
516871
138369
64
712289
948357
923
193403
872089
185041
48
906215
980696
718
811
38089
402421
948
384699
557229
894529
544049
990641
911197
134013
1535
484819
1
940073
556765
320009
123864
246959
1159
3221
643735
340953
36889
88321
161
543749
804441
379
837697
157346
3651
535593
3099
523842
2473
1192
852737
464313
188153
628977
3083
169573
579332
852737
184277
503749
388085
858
3242
694145
3360
810331
451009
842753
915809
563881
11937
1711
455153
2165
81985
615227
517855
871809
106819
2620
565885
2347
54977
2135
863233
548121
571941
3033
419867
345633
795196
2068
985537
148657
128455
578
859141
366037
972385
282814
500261
138369
862
770313
875541
2071
147809
131485
556753
119493
2429
418170
850473
511121
767145
173745
166145
479781
573921
538861
649002
1817
295301
1345
448101
807646
163105
213
324448
357998
483404
139585
2635
645573
1389
1315
957
230829
2369
166145
1461
570113
766017
321
3125
905153
474865
626161
859041
1042
839809
1779
861665
378
562225
893185
2655
970171
3221
143942
1636
268018
589145
836861
480227
140801
678193
2986
872089
175035
763521
814
63909
907723
3433
321507
3163
961121
949671
983157
657003
556785
58881
829953
149252
896
546105
128455
679101
200033
1
44993
556753
757253
2595
88321
878197
107
818973
495001
902373
225185
883145
1451
829633
872
154925
521841
515317
796265
512
588
1346
255041
2801
250251
25937
147305
817
557993
2770
732805
15681
520489
595769
470737
898505
3329
305677
3076
185067
436580
2896
722961
161643
642821
861633
913373
817313
841421
683583
921655
966045
3351
903798
684665
1509
2567
468273
699889
830529
513633
82993
438653
327067
800273
666125
1694
688945
2395
338525
642821
434887
1193
916385
842753
2583
904417
977749
615
3070
687933
861719
360
907154
3695
751617
3494
610517
709483
1376
1939
245605
834771
391297
3643
3028
27875
413737
612
719
2928
272485
3827
829585
157346
569081
838619
997521
1847
927961
181883
471
793657
625
590717
323329
126689
824871
75809
551809
1411
773605
839965
195821
288769
895309
183691
2961
775520
143576
349371
220449
971225
806037
989565
517777
346619
1
925
571777
70143
1
318837
575587
772323
356673
360330
566081
567543
692865
77227
496545
630649
906215
165693
506313
533
3684
265945
836861
470205
363737
533521
821039
138753
185569
2659
500261
129827
2213
123579
617666
58881
230417
4197
1110
648863
773
924187
575131
717453
329665
184417
3365
296257
815809
431131
980696
423621
179673
933316
993621
651693
510201
999
728113
488841
382257
1630
608441
592001
927057
104863
9985
151025
238977
763521
3501
985537
381
137647
193403
293665
140497
374417
738335
915809
220641
2789
595769
553313
59
1397
2600
106767
382513
906215
572633
1843
1849
1675
96641
203801
561237
343097
2703
189835
610517
20451
517777
778483
349371
3217
1241
931473
383687
461241
4059
899873
590717
2195
622042
282814
238481
989185
755920
593971
1260
623564
973
681
157697
980081
869657
299035
973737
1133
619473
292257
312696
130000
2837
825514
486873
391297
152823
3677
549
871897
377959
408
220840
3201
65473
2787
177141
513733
260481
459827
891531
1467
807169
149249
726
391297
2451
297161
661529
860010
730359
531089
460461
672155
255065
835085
536553
704849
863553
113789
204505
746309
200329
402177
2093
464631
251553
206244
244987
344673
633021
397953
2382
192433
514721
781569
3607
943745
2181
3880
915809
887
285625
466497
229441
1832
837697
289445
269
4016
3139
88801
868705
92001
434887
1077
550935
635869
338727
940073
784352
587681
987515
959257
647105
4595
1819
974739
664257
320382
977749
797661
253297
573704
931801
3938
701097
63909
2418
1792
889393
60989
401253
800273
741937
1826
837437
295761
65811
882257
288058
538861
2583
492137
345119
2231
284225
964961
604637
800273
810331
913969
206529
502219
223493
939981
780273
554545
626161
1049
4607
791489
443
3375
351334
1
277
340953
3179
4013
557993
2511
3575
275869
771137
3984
4392
3790
964961
205407
212865
707089
301595
576801
874753
821023
13185
307309
881371
763521
1139
1554
649329
457742
3991
422
720
3425
1306
2246
2354
874677
803085
1863
700225
389915
344673
1086
710445
779121
876786
872675
2651
724001
313157
348292
581297
450369
4583
918654
991009
969409
704849
1091
827971
621
913373
328203
781181
232007
195313
708209
785591
468273
399376
545457
352513
2827
4064
966463
327645
211809
1801
4429
148199
4743
2092
663047
823345
384209
686384
4130
511121
3995
3933
722961
60
266913
3884
352417
989185
116433
785591
577003
666125
892941
2351
358481
907723
518289
608441
585161
2511
3097
628977
663047
287585
923017
355309
2565
346619
4954
517340
3700
431881
809489
513733
872587
387443
761985
4312
68523
622849
672001
836261
893185
465881
843581
718465
5029
379014
52569
469738
726796
325893
640285
1008
920899
853153
1729
134939
612813
2323
961121
839081
545457
3359
394453
44993
2346
3117
3967
208257
1667
44545
439041
913659
9985
664577
85905
225217
4707
1057
914813
336765
136283
363737
875
662921
22597
732645
491809
986477
3339
692316
759377
185569
987515
212999
2891
1838
934753
379077
478753
1433
609297
4714
617593
773666
320382
153281
66361
499639
42887
876786
565134
467
1795
820161
309426
2013
25463
2685
490769
803085
979239
469256
880505
414392
137901
804552
586637
985537
854737
738360
74828
2782
115943
3191
4389
2029
572633
799
343489
586637
4787
42887
82993
3998
2156
246465
260481
3843
500446
438653
636041
197591
883953
600449
2584
362561
427321
232471
468273
588185
1525
643735
163369
1858
562021
285733
744261
139585
318
533020
942193
897265
4399
5136
445681
1827
108109
153281
411521
107993
206529
388085
704269
731988
509206
1316
216919
771570
325265
938625
868705
2267
394737
168273
346279
241675
501613
95527
576153
958105
879837
612379
1661
884593
853981
678901
125534
56501
3427
3208
538001
695
292257
201
132081
594705
2820
938785
663
303560
170890
1283
467361
299035
797661
464809
1651
270613
3023
824871
835366
394453
123864
283
85029
131485
808911
2831
457409
609503
526337
3083
651225
3626
5027
761481
904011
2123
1581
809
2219
925976
612379
147009
673858
789277
666113
569973
891531
196245
326593
910177
1389
964453
651225
488841
2433
161831
648863
3430
772323
1812
966777
74209
2135
3443
183777
502222
85029
1797
942873
301595
512417
66909
1948
2011
681
949660
761081
404866
624295
4325
911601
402421
64541
171649
452814
570113
457
358217
186313
667417
749441
325893
347361
286417
1167
2006
818589
2759
918529
5218
643484
62201
178281
1163
957648
17929
553313
111067
87041
1169
143942
3659
128455
377959
265011
4635
29437
226031
707089
842753
3235
5249
556753
310771
428
102041
135
3559
641870
5199
1627
750
131690
490141
3621
40300
590717
334
833309
387
2457
604637
47133
569081
215833
369237
123337
936533
738335
561797
414167
452425
506965
277251
111269
4235
672997
4739
930865
113921
933561
237121
520677
891
4599
613661
481121
558737
3028
273301
856390
860010
1204
2127
2114
1443
913373
3939
986417
290809
590337
132065
930097
629951
2243
3652
129281
4893
673415
2695
99079
969409
2141
759853
796066
680257
239751
5440
2104
802173
569081
114401
755
248765
458241
821697
2359
4512
2751
117809
611
4806
732993
368263
105097
5616
723953
259025
638014
609953
334065
102962
631291
950445
787485
776549
159989
843649
357945
427321
597032
145904
804552
312161
271501
415635
884169
623426
235861
77345
321507
481989
90100
1205
658017
584436
91188
141569
861007
557229
689809
792752
571441
675169
491937
3258
406859
1
290945
15
678193
940693
5591
4363
745617
5065
284225
654421
2819
82009
2897
88321
846805
38
208257
122207
517855
959845
814832
173745
815721
155457
787713
913659
2505
266913
628545
5441
197377
738335
1687
809729
128289
5210
3926
5942
1461
874753
675474
827249
137089
126638
278953
595393
48
4382
932089
617593
369237
927773
69713
691297
170283
796066
363
225359
821697
704849
830529
404866
274
392796
402523
941
803271
820161
806217
3209
476801
443203
5345
972313
249601
952377
4476
144215
5419
374862
1196
400449
1824
329807
261248
854657
931680
618553
460192
136985
566113
384699
2760
1723
852437
2693
719409
895309
3153
82993
630697
619237
2381
15521
605765
20451
47133
974785
447969
19021
2007
801369
404
802173
980081
123917
393031
2839
110391
28385
694085
43454
866617
409517
974785
395409
980696
82009
402177
560545
968583
419011
43081
856390
736915
779121
65913
107149
950851
5254
1259
871799
809489
4976
270
63909
513009
151919
267960
869195
632281
918225
631867
884593
587381
673858
106533
718709
321
434887
261329
350203
220477
717301
107993
507803
5072
687265
741505
3112
2835
402523
687265
569973
388773
627769
936533
887339
679357
56021
2479
4227
6073
645189
646844
79583
132833
153609
874945
683489
83631
2415
332193
791489
320009
80545
799169
989537
774241
867222
50705
134517
287281
992484
5359
835366
653315
885691
4450
1783
4542
350203
577706
925245
367713
964961
217089
1589
102962
1
734761
602393
685
2797
763745
362220
223993
4632
824
126
918529
626853
817914
165693
986477
1638
484545
392001
5303
649683
1929
341217
817785
231205
802173
939815
890101
1972
745169
142527
945297
2929
666519
3211
1075
4150
4435
275869
624822
689281
960929
918469
3
168273
3805
927057
2813
315167
6182
343097
402771
161643
549889
5845
317551
594293
935266
742723
686263
426961
296577
631777
160133
979239
2614
422581
562021
1655
803085
335925
29437
511121
108481
1862
920397
403580
503
928449
3515
134
458241
4068
895
52097
817785
98037
405713
4373
817914
3945
963561
672001
272485
541575
642369
911601
896809
4307
480227
403580
214281
53369
174947
85421
836545
293
1477
1491
528513
200329
501613
4595
411895
23801
271583
1922
345633
2084
2369
645573
178300
3496
585138
4499
4714
908
458241
221089
500773
455
269041
500897
329665
173
273377
2046
934353
44545
2790
148431
641918
84529
518871
3992
699345
145425
62201
653997
304241
611499
812609
871799
565007
226561
991681
580448
267443
809489
4730
271
1693
507803
77227
4230
263045
663145
453999
724969
259675
541575
142349
180573
6295
2471
500261
588981
185067
990097
231
699889
987515
909449
26561
159800
5958
64773
788113
3905
447553
753217
687297
530345
798329
714
580377
316471
241675
440242
807713
973049
428457
741997
285625
2247
496809
725
445681
4507
800119
470649
438653
199857
199857
598465
689809
146873
205729
988893
229541
31233
346831
28494
845819
614193
256001
258086
20214
502577
2234
618553
461157
668837
35969
365906
452425
177217
863553
660495
582651
515921
967
41549
716033
593361
55235
683225
903491
650885
699361
721855
875385
312037
3065
996401
993342
4745
851013
815721
1318
882081
155105
156149
628977
602967
640285
954845
597
32687
444355
6819
859917
691405
79583
449206
371913
419867
972681
381655
361977
212999
313
179285
5737
768684
577003
1183
165693
694881
2219
305009
671
6531
1653
831453
65811
725231
546521
58881
128185
876786
5245
5236
116433
488841
404970
367713
796066
641870
620537
941681
927451
131690
2565
73825
275329
572977
803681
631291
653
4067
6995
241675
737169
246669
975345
545457
636237
253136
125767
19025
430817
1888
40101
854513
898505
80953
415937
816162
6561
649345
907154
6680
1661
1747
392969
4847
55235
105629
927831
638121
768091
784638
99079
261445
11489
4917
808001
141845
913373
977199
614193
201608
289445
467034
3091
810331
515159
615681
492627
123864
209993
6050
302033
3622
707777
380
661617
253136
586637
3783
551698
326857
370753
4749
787
227057
158745
967761
66909
2513
692558
702277
7159
735917
609297
583521
891191
425799
958745
515159
355129
931801
336993
6087
5285
957648
370785
346985
248929
822471
4111
857249
408861
1678
395
853105
921089
929453
520489
24769
409517
2804
12769
324859
514
682978
448217
519763
198463
243489
373889
42321
262045
723717
827777
7107
305003
153710
991681
490141
225359
744806
6709
1161
103734
712727
1
47437
699601
2245
349887
123917
4019
5831
448561
993556
173745
679785
998841
926457
53369
5537
6812
637649
1955
6639
736641
2042
4145
5089
1881
808001
921655
923407
811569
692558
295301
303560
284774
6113
971867
3977
865729
5391
4953
475
1039
765453
143597
85029
405502
307769
790327
868705
343757
468835
72793
6551
3178
216269
6056
538861
662704
599141
977773
937811
3757
485051
4345
453393
624385
7386
341803
190009
349377
926457
803271
789601
527228
998585
115329
3359
431217
619473
405713
6633
255065
785577
640497
680257
777751
473038
650885
117537
3675
6605
669897
5863
900513
156250
6035
594337
475789
392735
453201
815505
117905
513633
2859
533633
5340
748932
842137
622661
704821
155299
758285
6619
3555
1171
35
5279
917421
819977
42887
565007
430641
790327
5273
905225
7161
275869
64541
4305
977199
262045
101697
781167
907154
959257
852437
939693
5527
305003
187137
7463
284154
665645
207906
846805
3804
233571
336857
769005
2929
6067
572401
310771
371329
979239
409616
739026
196673
641967
290361
6949
569467
515921
971225
457655
916883
4109
534758
6734
179285
4623
574025
737581
220449
4697
178300
169473
285305
653
323413
625537
829953
388773
2435
325893
257225
51265
670189
105857
829953
581193
827633
52569
200329
124033
6959
925245
433801
431364
453777
761
163804
4577
209937
787485
928657
185653
673305
7192
603039
1549
109791
7425
561237
95425
235041
235861
5369
661617
530065
348913
5131
667293
918654
892553
328203
920397
238977
293893
477941
1761
995845
671575
227899
898505
291977
4587
305277
339857
134517
388085
191249
813937
389915
317505
239751
864401
56865
224929
3161
903485
747137
224337
6130
880933
319601
296577
505729
6165
473038
3391
664783
5288
5825
221357
429492
6345
529323
2181
508701
2711
653027
3699
6284
751617
947074
102041
460029
975885
898505
231205
363649
2805
327645
593049
332193
4580
405011
527641
1300
705593
484545
869435
2545
677313
636871
7841
185569
665416
760513
147695
152823
576313
725727
565885
111269
1451
24400
787025
696829
45441
780273
5587
535249
866795
2921
553917
677313
28494
869057
814391
879837
342225
355673
5875
